2021-08-31 14:46:42 - D:/code/Python37/obj/FrameScan-GUI/FrameScan-GUI.py - INFO - 1390 Timestamp: 2021-08-31 14:46:42
2021-08-31 14:46:42 - D:/code/Python37/obj/FrameScan-GUI/FrameScan-GUI.py - ERROR - 1392 ErrorMessage: TypeError: invalid result from Vuln_Scanner.run()

2021-08-31 14:46:42 - D:/code/Python37/obj/FrameScan-GUI/FrameScan-GUI.py - ERROR - 1393 sys.excepthook: <bound method MainWindows.HandleException of <__main__.MainWindows object at 0x000002089CF13708>>
2021-08-31 14:46:42 - D:/code/Python37/obj/FrameScan-GUI/FrameScan-GUI.py - ERROR - 1394 excType: <class 'TypeError'>
2021-08-31 14:46:42 - D:/code/Python37/obj/FrameScan-GUI/FrameScan-GUI.py - ERROR - 1395 excValue: invalid result from Vuln_Scanner.run()
2021-08-31 14:46:42 - D:/code/Python37/obj/FrameScan-GUI/FrameScan-GUI.py - ERROR - 1396 tb: None
2021-08-31 14:51:24 - D:/code/Python37/obj/FrameScan-GUI/FrameScan-GUI.py - INFO - 1390 Timestamp: 2021-08-31 14:51:24
2021-08-31 14:51:24 - D:/code/Python37/obj/FrameScan-GUI/FrameScan-GUI.py - ERROR - 1392 ErrorMessage: TypeError: invalid result from Vuln_Scanner.run()

2021-08-31 14:51:24 - D:/code/Python37/obj/FrameScan-GUI/FrameScan-GUI.py - ERROR - 1393 sys.excepthook: <bound method MainWindows.HandleException of <__main__.MainWindows object at 0x000002A837FA3708>>
2021-08-31 14:51:24 - D:/code/Python37/obj/FrameScan-GUI/FrameScan-GUI.py - ERROR - 1394 excType: <class 'TypeError'>
2021-08-31 14:51:24 - D:/code/Python37/obj/FrameScan-GUI/FrameScan-GUI.py - ERROR - 1395 excValue: invalid result from Vuln_Scanner.run()
2021-08-31 14:51:24 - D:/code/Python37/obj/FrameScan-GUI/FrameScan-GUI.py - ERROR - 1396 tb: None
2021-08-31 14:54:01 - D:/code/Python37/obj/FrameScan-GUI/FrameScan-GUI.py - INFO - 1390 Timestamp: 2021-08-31 14:54:01
2021-08-31 14:54:01 - D:/code/Python37/obj/FrameScan-GUI/FrameScan-GUI.py - ERROR - 1392 ErrorMessage: TypeError: invalid result from Vuln_Scanner.run()

2021-08-31 14:54:01 - D:/code/Python37/obj/FrameScan-GUI/FrameScan-GUI.py - ERROR - 1393 sys.excepthook: <bound method MainWindows.HandleException of <__main__.MainWindows object at 0x000001440DBC5708>>
2021-08-31 14:54:01 - D:/code/Python37/obj/FrameScan-GUI/FrameScan-GUI.py - ERROR - 1394 excType: <class 'TypeError'>
2021-08-31 14:54:01 - D:/code/Python37/obj/FrameScan-GUI/FrameScan-GUI.py - ERROR - 1395 excValue: invalid result from Vuln_Scanner.run()
2021-08-31 14:54:01 - D:/code/Python37/obj/FrameScan-GUI/FrameScan-GUI.py - ERROR - 1396 tb: None
2021-08-31 14:55:43 - D:/code/Python37/obj/FrameScan-GUI/FrameScan-GUI.py - INFO - 188 Scanner:http://ddd/ POC≤‚ ‘¬©∂¥
2021-08-31 14:55:53 - D:/code/Python37/obj/FrameScan-GUI/FrameScan-GUI.py - INFO - 188 Scanner:http://ddd/ POC≤‚ ‘¬©∂¥
2021-08-31 14:56:00 - D:/code/Python37/obj/FrameScan-GUI/FrameScan-GUI.py - INFO - 188 Scanner:http://ddd/ POC≤‚ ‘¬©∂¥
2021-08-31 14:56:11 - D:/code/Python37/obj/FrameScan-GUI/FrameScan-GUI.py - ERROR - 287 [Errno 11001] getaddrinfo failed----280––
2021-08-31 15:05:36 - D:/code/Python37/obj/FrameScan-GUI/FrameScan-GUI.py - INFO - 1384 Timestamp: 2021-08-31 15:05:36
2021-08-31 15:05:36 - D:/code/Python37/obj/FrameScan-GUI/FrameScan-GUI.py - ERROR - 1386 ErrorMessage: Traceback (most recent call last):
  File "D:/code/Python37/obj/FrameScan-GUI/FrameScan-GUI.py", line 1415, in <module>
    window = MainWindows()
  File "D:/code/Python37/obj/FrameScan-GUI/FrameScan-GUI.py", line 74, in __init__
    self.load_exp_plugins()
  File "D:/code/Python37/obj/FrameScan-GUI/FrameScan-GUI.py", line 523, in load_exp_plugins
    for exp_methods in list(self.exp_cms_name_dict.values())[0]:
IndexError: list index out of range

2021-08-31 15:05:36 - D:/code/Python37/obj/FrameScan-GUI/FrameScan-GUI.py - ERROR - 1387 sys.excepthook: <bound method MainWindows.HandleException of <__main__.MainWindows object at 0x000001EF9DEC8AF8>>
2021-08-31 15:05:36 - D:/code/Python37/obj/FrameScan-GUI/FrameScan-GUI.py - ERROR - 1388 excType: <class 'IndexError'>
2021-08-31 15:05:36 - D:/code/Python37/obj/FrameScan-GUI/FrameScan-GUI.py - ERROR - 1389 excValue: list index out of range
2021-08-31 15:05:36 - D:/code/Python37/obj/FrameScan-GUI/FrameScan-GUI.py - ERROR - 1390 tb: <traceback object at 0x000001EFA42C7FC8>
2021-08-31 15:06:21 - D:/code/Python37/obj/FrameScan-GUI/FrameScan-GUI.py - INFO - 188 Scanner:http://dd/ POC≤‚ ‘¬©∂¥
2021-08-31 15:06:31 - D:/code/Python37/obj/FrameScan-GUI/FrameScan-GUI.py - INFO - 188 Scanner:http://dd/ POC≤‚ ‘¬©∂¥
2021-08-31 15:07:33 - D:/code/Python37/obj/FrameScan-GUI/FrameScan-GUI.py - INFO - 1384 Timestamp: 2021-08-31 15:07:33
2021-08-31 15:07:33 - D:/code/Python37/obj/FrameScan-GUI/FrameScan-GUI.py - ERROR - 1386 ErrorMessage: Traceback (most recent call last):
  File "D:/code/Python37/obj/FrameScan-GUI/FrameScan-GUI.py", line 1436, in <module>
    window = MainWindows()
  File "D:/code/Python37/obj/FrameScan-GUI/FrameScan-GUI.py", line 74, in __init__
    self.load_exp_plugins()
  File "D:/code/Python37/obj/FrameScan-GUI/FrameScan-GUI.py", line 523, in load_exp_plugins
    for exp_methods in list(self.exp_cms_name_dict.values())[0]:
IndexError: list index out of range

2021-08-31 15:07:33 - D:/code/Python37/obj/FrameScan-GUI/FrameScan-GUI.py - ERROR - 1387 sys.excepthook: <bound method MainWindows.HandleException of <__main__.MainWindows object at 0x0000016C68F98C18>>
2021-08-31 15:07:33 - D:/code/Python37/obj/FrameScan-GUI/FrameScan-GUI.py - ERROR - 1388 excType: <class 'IndexError'>
2021-08-31 15:07:33 - D:/code/Python37/obj/FrameScan-GUI/FrameScan-GUI.py - ERROR - 1389 excValue: list index out of range
2021-08-31 15:07:33 - D:/code/Python37/obj/FrameScan-GUI/FrameScan-GUI.py - ERROR - 1390 tb: <traceback object at 0x0000016C6F39D0C8>
2021-08-31 15:16:32 - D:/code/Python37/obj/FrameScan-GUI/FrameScan-GUI.py - INFO - 188 Scanner:http://ddd/ POC≤‚ ‘¬©∂¥
2021-08-31 15:16:32 - D:/code/Python37/obj/FrameScan-GUI/FrameScan-GUI.py - INFO - 188 Scanner:http://ddd/ phpmyadminŒ¥ ⁄»®
2021-08-31 15:16:32 - D:/code/Python37/obj/FrameScan-GUI/FrameScan-GUI.py - INFO - 188 Scanner:http://ddd/ EDR÷’∂ÀºÏ≤‚œµÕ≥RCE
2021-08-31 15:29:34 - D:/code/Python37/obj/FrameScan-GUI/FrameScan-GUI.py - INFO - 168 Scanner:http://dddd/ POC≤‚ ‘¬©∂¥
2021-08-31 15:29:34 - D:/code/Python37/obj/FrameScan-GUI/FrameScan-GUI.py - INFO - 168 Scanner:http://dddd/ phpmyadminŒ¥ ⁄»®
2021-08-31 15:29:34 - D:/code/Python37/obj/FrameScan-GUI/FrameScan-GUI.py - INFO - 168 Scanner:http://dddd/ EDR÷’∂ÀºÏ≤‚œµÕ≥RCE
2021-08-31 15:30:34 - D:/code/Python37/obj/FrameScan-GUI/FrameScan-GUI.py - INFO - 168 Scanner:http://ddd/ POC≤‚ ‘¬©∂¥
2021-08-31 15:35:09 - D:/code/Python37/obj/FrameScan-GUI/FrameScan-GUI.py - INFO - 168 Scanner:http://dddd/ POC≤‚ ‘¬©∂¥
2021-08-31 15:35:09 - D:/code/Python37/obj/FrameScan-GUI/FrameScan-GUI.py - INFO - 168 Scanner:http://dddd/ phpmyadminŒ¥ ⁄»®
2021-08-31 15:35:09 - D:/code/Python37/obj/FrameScan-GUI/FrameScan-GUI.py - INFO - 168 Scanner:http://dddd/ EDR÷’∂ÀºÏ≤‚œµÕ≥RCE
2021-08-31 15:38:14 - D:/code/Python37/obj/FrameScan-GUI/FrameScan-GUI.py - INFO - 174 Scanner:http://ddd/ POC≤‚ ‘¬©∂¥
2021-08-31 15:38:14 - D:/code/Python37/obj/FrameScan-GUI/FrameScan-GUI.py - INFO - 174 Scanner:http://ddd/ phpmyadminŒ¥ ⁄»®
2021-08-31 15:38:14 - D:/code/Python37/obj/FrameScan-GUI/FrameScan-GUI.py - INFO - 174 Scanner:http://ddd/ EDR÷’∂ÀºÏ≤‚œµÕ≥RCE
2021-08-31 16:14:20 - C:\Users\QIANXI~1\AppData\Local\Temp\_MEI97322\FrameScan-GUI.py - INFO - 174 Scanner:http://baidu.com/ POC≤‚ ‘¬©∂¥
2021-08-31 16:14:20 - C:\Users\QIANXI~1\AppData\Local\Temp\_MEI97322\FrameScan-GUI.py - INFO - 174 Scanner:http://baidu.com/ phpmyadminŒ¥ ⁄»®
2021-08-31 16:14:20 - C:\Users\QIANXI~1\AppData\Local\Temp\_MEI97322\FrameScan-GUI.py - INFO - 174 Scanner:http://baidu.com/ EDR÷’∂ÀºÏ≤‚œµÕ≥RCE
2021-08-31 16:14:27 - C:\Users\QIANXI~1\AppData\Local\Temp\_MEI97322\FrameScan-GUI.py - INFO - 174 Scanner:http://baidu.com/ POC≤‚ ‘¬©∂¥
2021-08-31 16:14:27 - C:\Users\QIANXI~1\AppData\Local\Temp\_MEI97322\FrameScan-GUI.py - INFO - 174 Scanner:http://baidu.com/ phpmyadminŒ¥ ⁄»®
2021-08-31 16:14:27 - C:\Users\QIANXI~1\AppData\Local\Temp\_MEI97322\FrameScan-GUI.py - INFO - 174 Scanner:http://baidu.com/ EDR÷’∂ÀºÏ≤‚œµÕ≥RCE
2021-09-08 16:20:42 - D:/code/Python37/obj/FrameScan-GUI/FrameScan-GUI.py - INFO - 1372 Timestamp: 2021-09-08 16:20:42
2021-09-08 16:20:42 - D:/code/Python37/obj/FrameScan-GUI/FrameScan-GUI.py - ERROR - 1374 ErrorMessage: Traceback (most recent call last):
  File "D:/code/Python37/obj/FrameScan-GUI/FrameScan-GUI.py", line 74, in <lambda>
    lambda: self.vuln_import_file(self.Ui.lineEdit_vuln_url, self.Ui.textEdit_log, 'vuln_scanner'))  # µº»Îµÿ÷∑
  File "D:/code/Python37/obj/FrameScan-GUI/FrameScan-GUI.py", line 574, in vuln_import_file
    self.domain_url_list
AttributeError: 'MainWindows' object has no attribute 'domain_url_list'

2021-09-08 16:20:42 - D:/code/Python37/obj/FrameScan-GUI/FrameScan-GUI.py - ERROR - 1375 sys.excepthook: <bound method MainWindows.HandleException of <__main__.MainWindows object at 0x00000250B7137168>>
2021-09-08 16:20:42 - D:/code/Python37/obj/FrameScan-GUI/FrameScan-GUI.py - ERROR - 1376 excType: <class 'AttributeError'>
2021-09-08 16:20:42 - D:/code/Python37/obj/FrameScan-GUI/FrameScan-GUI.py - ERROR - 1377 excValue: 'MainWindows' object has no attribute 'domain_url_list'
2021-09-08 16:20:42 - D:/code/Python37/obj/FrameScan-GUI/FrameScan-GUI.py - ERROR - 1378 tb: <traceback object at 0x00000250B9599F88>
2021-09-08 16:20:45 - D:/code/Python37/obj/FrameScan-GUI/FrameScan-GUI.py - INFO - 1372 Timestamp: 2021-09-08 16:20:45
2021-09-08 16:20:45 - D:/code/Python37/obj/FrameScan-GUI/FrameScan-GUI.py - ERROR - 1374 ErrorMessage: Traceback (most recent call last):
  File "D:/code/Python37/obj/FrameScan-GUI/FrameScan-GUI.py", line 74, in <lambda>
    lambda: self.vuln_import_file(self.Ui.lineEdit_vuln_url, self.Ui.textEdit_log, 'vuln_scanner'))  # µº»Îµÿ÷∑
  File "D:/code/Python37/obj/FrameScan-GUI/FrameScan-GUI.py", line 574, in vuln_import_file
    self.domain_url_list
AttributeError: 'MainWindows' object has no attribute 'domain_url_list'

2021-09-08 16:20:45 - D:/code/Python37/obj/FrameScan-GUI/FrameScan-GUI.py - ERROR - 1375 sys.excepthook: <bound method MainWindows.HandleException of <__main__.MainWindows object at 0x00000250B7137168>>
2021-09-08 16:20:45 - D:/code/Python37/obj/FrameScan-GUI/FrameScan-GUI.py - ERROR - 1376 excType: <class 'AttributeError'>
2021-09-08 16:20:45 - D:/code/Python37/obj/FrameScan-GUI/FrameScan-GUI.py - ERROR - 1377 excValue: 'MainWindows' object has no attribute 'domain_url_list'
2021-09-08 16:20:45 - D:/code/Python37/obj/FrameScan-GUI/FrameScan-GUI.py - ERROR - 1378 tb: <traceback object at 0x00000250B81B4588>
2021-09-08 16:21:23 - D:/code/Python37/obj/FrameScan-GUI/FrameScan-GUI.py - INFO - 174 Scanner:http://222.128.9.25:6868/ POC≤‚ ‘¬©∂¥
2021-09-08 16:21:23 - D:/code/Python37/obj/FrameScan-GUI/FrameScan-GUI.py - INFO - 174 Scanner:http://183.62.31.59:6868/ POC≤‚ ‘¬©∂¥
2021-09-08 16:21:23 - D:/code/Python37/obj/FrameScan-GUI/FrameScan-GUI.py - INFO - 174 Scanner:http://139.196.158.47/ POC≤‚ ‘¬©∂¥
2021-09-08 16:21:23 - D:/code/Python37/obj/FrameScan-GUI/FrameScan-GUI.py - INFO - 174 Scanner:http://47.114.62.32:6868/ POC≤‚ ‘¬©∂¥
2021-09-08 16:21:23 - D:/code/Python37/obj/FrameScan-GUI/FrameScan-GUI.py - INFO - 174 Scanner:http://61.163.136.131:6868/ POC≤‚ ‘¬©∂¥
2021-09-08 16:21:23 - D:/code/Python37/obj/FrameScan-GUI/FrameScan-GUI.py - INFO - 174 Scanner:http://182.119.117.105:6868/ POC≤‚ ‘¬©∂¥
2021-09-08 16:21:24 - D:/code/Python37/obj/FrameScan-GUI/FrameScan-GUI.py - INFO - 174 Scanner:http://1.85.3.27:6868/ POC≤‚ ‘¬©∂¥
2021-09-08 16:21:24 - D:/code/Python37/obj/FrameScan-GUI/FrameScan-GUI.py - INFO - 174 Scanner:http://171.211.126.113:6868/ POC≤‚ ‘¬©∂¥
2021-09-08 16:21:25 - D:/code/Python37/obj/FrameScan-GUI/FrameScan-GUI.py - INFO - 174 Scanner:http://101.200.123.99:6868/ POC≤‚ ‘¬©∂¥
2021-09-08 16:21:33 - D:/code/Python37/obj/FrameScan-GUI/FrameScan-GUI.py - INFO - 174 Scanner:http://222.128.9.25:6868/ POC≤‚ ‘¬©∂¥
2021-09-08 16:21:33 - D:/code/Python37/obj/FrameScan-GUI/FrameScan-GUI.py - INFO - 174 Scanner:http://183.62.31.59:6868/ POC≤‚ ‘¬©∂¥
2021-09-08 16:21:33 - D:/code/Python37/obj/FrameScan-GUI/FrameScan-GUI.py - INFO - 174 Scanner:http://139.196.158.47/ POC≤‚ ‘¬©∂¥
2021-09-08 16:21:33 - D:/code/Python37/obj/FrameScan-GUI/FrameScan-GUI.py - INFO - 174 Scanner:http://47.114.62.32:6868/ POC≤‚ ‘¬©∂¥
2021-09-08 16:21:33 - D:/code/Python37/obj/FrameScan-GUI/FrameScan-GUI.py - INFO - 174 Scanner:http://61.163.136.131:6868/ POC≤‚ ‘¬©∂¥
2021-09-08 16:21:33 - D:/code/Python37/obj/FrameScan-GUI/FrameScan-GUI.py - INFO - 174 Scanner:http://182.119.117.105:6868/ POC≤‚ ‘¬©∂¥
2021-09-08 16:21:34 - D:/code/Python37/obj/FrameScan-GUI/FrameScan-GUI.py - INFO - 174 Scanner:http://1.85.3.27:6868/ POC≤‚ ‘¬©∂¥
2021-09-08 16:21:34 - D:/code/Python37/obj/FrameScan-GUI/FrameScan-GUI.py - INFO - 174 Scanner:http://171.211.126.113:6868/ POC≤‚ ‘¬©∂¥
2021-09-08 16:21:35 - D:/code/Python37/obj/FrameScan-GUI/FrameScan-GUI.py - INFO - 174 Scanner:http://101.200.123.99:6868/ POC≤‚ ‘¬©∂¥
2021-09-08 16:21:36 - D:/code/Python37/obj/FrameScan-GUI/FrameScan-GUI.py - INFO - 174 Scanner:http://101.230.65.90:6868/ POC≤‚ ‘¬©∂¥
2021-09-08 16:21:36 - D:/code/Python37/obj/FrameScan-GUI/FrameScan-GUI.py - INFO - 174 Scanner:http://61.167.145.163:6868/ POC≤‚ ‘¬©∂¥
2021-09-08 16:21:36 - D:/code/Python37/obj/FrameScan-GUI/FrameScan-GUI.py - INFO - 174 Scanner:http://117.180.221.15:6868/ POC≤‚ ‘¬©∂¥
2021-09-08 16:21:37 - D:/code/Python37/obj/FrameScan-GUI/FrameScan-GUI.py - INFO - 174 Scanner:http://182.119.117.168:6868/ POC≤‚ ‘¬©∂¥
2021-09-08 16:21:38 - D:/code/Python37/obj/FrameScan-GUI/FrameScan-GUI.py - INFO - 174 Scanner:http://221.123.191.212/ POC≤‚ ‘¬©∂¥
2021-09-08 16:27:41 - D:/code/Python37/obj/FrameScan-GUI/FrameScan-GUI.py - INFO - 174 Scanner:http://222.128.9.25:6868/ POC≤‚ ‘¬©∂¥
2021-09-08 16:27:41 - D:/code/Python37/obj/FrameScan-GUI/FrameScan-GUI.py - INFO - 174 Scanner:http://183.62.31.59:6868/ POC≤‚ ‘¬©∂¥
2021-09-08 16:27:41 - D:/code/Python37/obj/FrameScan-GUI/FrameScan-GUI.py - INFO - 174 Scanner:http://139.196.158.47/ POC≤‚ ‘¬©∂¥
2021-09-08 16:27:42 - D:/code/Python37/obj/FrameScan-GUI/FrameScan-GUI.py - INFO - 174 Scanner:http://47.114.62.32:6868/ POC≤‚ ‘¬©∂¥
2021-09-08 16:27:42 - D:/code/Python37/obj/FrameScan-GUI/FrameScan-GUI.py - INFO - 174 Scanner:http://61.163.136.131:6868/ POC≤‚ ‘¬©∂¥
2021-09-08 16:27:42 - D:/code/Python37/obj/FrameScan-GUI/FrameScan-GUI.py - INFO - 174 Scanner:http://182.119.117.105:6868/ POC≤‚ ‘¬©∂¥
2021-09-08 16:27:42 - D:/code/Python37/obj/FrameScan-GUI/FrameScan-GUI.py - INFO - 174 Scanner:http://1.85.3.27:6868/ POC≤‚ ‘¬©∂¥
2021-09-08 16:27:43 - D:/code/Python37/obj/FrameScan-GUI/FrameScan-GUI.py - INFO - 174 Scanner:http://171.211.126.113:6868/ POC≤‚ ‘¬©∂¥
2021-09-08 16:27:52 - D:/code/Python37/obj/FrameScan-GUI/FrameScan-GUI.py - INFO - 174 Scanner:http://1.1.1.1/ POC≤‚ ‘¬©∂¥
2021-09-08 16:37:26 - D:/code/Python37/obj/FrameScan-GUI/FrameScan-GUI.py - INFO - 1447 Timestamp: 2021-09-08 16:37:26
2021-09-08 16:37:26 - D:/code/Python37/obj/FrameScan-GUI/FrameScan-GUI.py - ERROR - 1449 ErrorMessage: Traceback (most recent call last):
  File "E:\Python\Python37-64\lib\configparser.py", line 845, in items
    d.update(self._sections[section])
KeyError: 'Proxy'

During handling of the above exception, another exception occurred:

Traceback (most recent call last):
  File "D:/code/Python37/obj/FrameScan-GUI/FrameScan-GUI.py", line 1507, in <module>
    window.load_proxy()
  File "D:/code/Python37/obj/FrameScan-GUI/FrameScan-GUI.py", line 157, in load_proxy
    for key, value in config_setup.items('Proxy'):
  File "E:\Python\Python37-64\lib\configparser.py", line 848, in items
    raise NoSectionError(section)
configparser.NoSectionError: No section: 'Proxy'

2021-09-08 16:37:26 - D:/code/Python37/obj/FrameScan-GUI/FrameScan-GUI.py - ERROR - 1450 sys.excepthook: <bound method MainWindows.HandleException of <__main__.MainWindows object at 0x000001FE2679A438>>
2021-09-08 16:37:26 - D:/code/Python37/obj/FrameScan-GUI/FrameScan-GUI.py - ERROR - 1451 excType: <class 'configparser.NoSectionError'>
2021-09-08 16:37:26 - D:/code/Python37/obj/FrameScan-GUI/FrameScan-GUI.py - ERROR - 1452 excValue: No section: 'Proxy'
2021-09-08 16:37:26 - D:/code/Python37/obj/FrameScan-GUI/FrameScan-GUI.py - ERROR - 1453 tb: <traceback object at 0x000001FE28BD9348>
2021-09-13 13:01:40 - D:/code/Python37/obj/FrameScan-GUI/FrameScan-GUI.py - INFO - 174 Scanner:http://218.23.25.178:7001/ Œ¥ ⁄»®∑√Œ 
2021-09-13 13:01:43 - D:/code/Python37/obj/FrameScan-GUI/FrameScan-GUI.py - INFO - 174 Scanner:http://218.23.25.178:7001/ Œ¥ ⁄»®∑√Œ 
2021-09-13 13:01:45 - D:/code/Python37/obj/FrameScan-GUI/FrameScan-GUI.py - INFO - 174 Scanner:http://218.23.25.178:7001/ Œ¥ ⁄»®∑√Œ 
2021-09-13 13:02:13 - D:/code/Python37/obj/FrameScan-GUI/FrameScan-GUI.py - INFO - 174 Scanner:http://218.23.25.178:7001/ Œ¥ ⁄»®∑√Œ 
2021-09-13 13:03:32 - D:/code/Python37/obj/FrameScan-GUI/FrameScan-GUI.py - INFO - 174 Scanner:http://218.23.25.178:7001/ Œ¥ ⁄»®∑√Œ 
2021-09-13 13:03:34 - D:/code/Python37/obj/FrameScan-GUI/FrameScan-GUI.py - INFO - 174 Scanner:http://218.23.25.178:7001/ Œ¥ ⁄»®∑√Œ 
2021-09-13 13:03:58 - D:/code/Python37/obj/FrameScan-GUI/FrameScan-GUI.py - INFO - 174 Scanner:http://218.23.25.178:7001/ Œ¥ ⁄»®∑√Œ 
2021-09-13 13:05:09 - D:/code/Python37/obj/FrameScan-GUI/FrameScan-GUI.py - INFO - 174 Scanner:http://218.23.25.178:7001/ Œ¥ ⁄»®∑√Œ 
2021-09-13 13:10:23 - D:/code/Python37/obj/FrameScan-GUI/FrameScan-GUI.py - INFO - 1447 Timestamp: 2021-09-13 13:10:23
2021-09-13 13:10:23 - D:/code/Python37/obj/FrameScan-GUI/FrameScan-GUI.py - ERROR - 1449 ErrorMessage: Traceback (most recent call last):
  File "D:\code\Python37\obj\FrameScan-GUI\Modules\Vuln_Scanner.py", line 60, in run
    self.add_queue(check_fofa)
  File "D:\code\Python37\obj\FrameScan-GUI\Modules\Vuln_Scanner.py", line 81, in add_queue
    u = 'http://' + hostname + ':' + str(port) + '/'
TypeError: can only concatenate str (not "NoneType") to str

2021-09-13 13:10:23 - D:/code/Python37/obj/FrameScan-GUI/FrameScan-GUI.py - ERROR - 1450 sys.excepthook: <bound method MainWindows.HandleException of <__main__.MainWindows object at 0x0000021C9FB7A438>>
2021-09-13 13:10:23 - D:/code/Python37/obj/FrameScan-GUI/FrameScan-GUI.py - ERROR - 1451 excType: <class 'TypeError'>
2021-09-13 13:10:23 - D:/code/Python37/obj/FrameScan-GUI/FrameScan-GUI.py - ERROR - 1452 excValue: can only concatenate str (not "NoneType") to str
2021-09-13 13:10:23 - D:/code/Python37/obj/FrameScan-GUI/FrameScan-GUI.py - ERROR - 1453 tb: <traceback object at 0x0000021CA1FC3108>
2021-09-13 13:11:57 - D:/code/Python37/obj/FrameScan-GUI/FrameScan-GUI.py - INFO - 1447 Timestamp: 2021-09-13 13:11:57
2021-09-13 13:11:57 - D:/code/Python37/obj/FrameScan-GUI/FrameScan-GUI.py - ERROR - 1449 ErrorMessage: Traceback (most recent call last):
  File "D:\code\Python37\obj\FrameScan-GUI\Modules\Vuln_Scanner.py", line 60, in run
    self.add_queue(check_fofa)
  File "D:\code\Python37\obj\FrameScan-GUI\Modules\Vuln_Scanner.py", line 83, in add_queue
    u = 'http://' + hostname + ':' + str(port) + '/'
TypeError: can only concatenate str (not "NoneType") to str

2021-09-13 13:11:57 - D:/code/Python37/obj/FrameScan-GUI/FrameScan-GUI.py - ERROR - 1450 sys.excepthook: <bound method MainWindows.HandleException of <__main__.MainWindows object at 0x0000021792E2A438>>
2021-09-13 13:11:57 - D:/code/Python37/obj/FrameScan-GUI/FrameScan-GUI.py - ERROR - 1451 excType: <class 'TypeError'>
2021-09-13 13:11:57 - D:/code/Python37/obj/FrameScan-GUI/FrameScan-GUI.py - ERROR - 1452 excValue: can only concatenate str (not "NoneType") to str
2021-09-13 13:11:57 - D:/code/Python37/obj/FrameScan-GUI/FrameScan-GUI.py - ERROR - 1453 tb: <traceback object at 0x0000021794A74108>
2021-09-13 13:13:07 - D:/code/Python37/obj/FrameScan-GUI/FrameScan-GUI.py - INFO - 1447 Timestamp: 2021-09-13 13:13:07
2021-09-13 13:13:07 - D:/code/Python37/obj/FrameScan-GUI/FrameScan-GUI.py - ERROR - 1449 ErrorMessage: Traceback (most recent call last):
  File "D:\code\Python37\obj\FrameScan-GUI\Modules\Vuln_Scanner.py", line 60, in run
    self.add_queue(check_fofa)
  File "D:\code\Python37\obj\FrameScan-GUI\Modules\Vuln_Scanner.py", line 84, in add_queue
    u = 'http://' + hostname + ':' + str(port) + '/'
TypeError: can only concatenate str (not "NoneType") to str

2021-09-13 13:13:07 - D:/code/Python37/obj/FrameScan-GUI/FrameScan-GUI.py - ERROR - 1450 sys.excepthook: <bound method MainWindows.HandleException of <__main__.MainWindows object at 0x00000209875EA438>>
2021-09-13 13:13:07 - D:/code/Python37/obj/FrameScan-GUI/FrameScan-GUI.py - ERROR - 1451 excType: <class 'TypeError'>
2021-09-13 13:13:07 - D:/code/Python37/obj/FrameScan-GUI/FrameScan-GUI.py - ERROR - 1452 excValue: can only concatenate str (not "NoneType") to str
2021-09-13 13:13:07 - D:/code/Python37/obj/FrameScan-GUI/FrameScan-GUI.py - ERROR - 1453 tb: <traceback object at 0x0000020989235088>
2021-09-13 13:14:51 - D:/code/Python37/obj/FrameScan-GUI/FrameScan-GUI.py - INFO - 177 Scanner:http://113.135.192.202:7001/ Œ¥ ⁄»®∑√Œ 
2021-09-13 13:14:52 - D:/code/Python37/obj/FrameScan-GUI/FrameScan-GUI.py - INFO - 177 Scanner:http://119.73.254.67:7001/ Œ¥ ⁄»®∑√Œ 
2021-09-13 13:14:52 - D:/code/Python37/obj/FrameScan-GUI/FrameScan-GUI.py - INFO - 177 Scanner:http://121.4.145.39:7001/ Œ¥ ⁄»®∑√Œ 
2021-09-13 13:14:52 - D:/code/Python37/obj/FrameScan-GUI/FrameScan-GUI.py - INFO - 177 Scanner:http://123.59.120.125:7001/ Œ¥ ⁄»®∑√Œ 
2021-09-13 13:14:53 - D:/code/Python37/obj/FrameScan-GUI/FrameScan-GUI.py - INFO - 177 Scanner:http://123.59.120.125:7001/ Œ¥ ⁄»®∑√Œ 
2021-09-13 13:14:53 - D:/code/Python37/obj/FrameScan-GUI/FrameScan-GUI.py - INFO - 177 Scanner:http://123.59.120.35:7001/ Œ¥ ⁄»®∑√Œ 
2021-09-13 13:14:53 - D:/code/Python37/obj/FrameScan-GUI/FrameScan-GUI.py - INFO - 177 Scanner:http://123.59.120.35:7001/ Œ¥ ⁄»®∑√Œ 
2021-09-13 13:14:54 - D:/code/Python37/obj/FrameScan-GUI/FrameScan-GUI.py - INFO - 177 Scanner:http://123.59.120.44:7001/ Œ¥ ⁄»®∑√Œ 
2021-09-13 13:14:54 - D:/code/Python37/obj/FrameScan-GUI/FrameScan-GUI.py - INFO - 177 Scanner:http://123.59.120.44:7001/ Œ¥ ⁄»®∑√Œ 
2021-09-13 13:14:54 - D:/code/Python37/obj/FrameScan-GUI/FrameScan-GUI.py - INFO - 177 Scanner:http://123.59.120.73:7001/ Œ¥ ⁄»®∑√Œ 
2021-09-13 13:14:55 - D:/code/Python37/obj/FrameScan-GUI/FrameScan-GUI.py - INFO - 177 Scanner:http://123.59.211.81:7001/ Œ¥ ⁄»®∑√Œ 
2021-09-13 13:14:55 - D:/code/Python37/obj/FrameScan-GUI/FrameScan-GUI.py - INFO - 177 Scanner:http://123.59.211.81:7001/ Œ¥ ⁄»®∑√Œ 
2021-09-13 13:14:55 - D:/code/Python37/obj/FrameScan-GUI/FrameScan-GUI.py - INFO - 177 Scanner:http://124.67.74.2:7001/ Œ¥ ⁄»®∑√Œ 
2021-09-13 13:14:55 - D:/code/Python37/obj/FrameScan-GUI/FrameScan-GUI.py - INFO - 177 Scanner:http://124.70.193.163:7001/ Œ¥ ⁄»®∑√Œ 
2021-09-13 13:14:55 - D:/code/Python37/obj/FrameScan-GUI/FrameScan-GUI.py - INFO - 177 Scanner:http://168.70.163.217:7001/ Œ¥ ⁄»®∑√Œ 
2021-09-13 13:14:56 - D:/code/Python37/obj/FrameScan-GUI/FrameScan-GUI.py - INFO - 177 Scanner:http://180.104.1.87:7001/ Œ¥ ⁄»®∑√Œ 
2021-09-13 13:14:56 - D:/code/Python37/obj/FrameScan-GUI/FrameScan-GUI.py - INFO - 177 Scanner:http://180.153.180.97:7001/ Œ¥ ⁄»®∑√Œ 
2021-09-13 13:14:57 - D:/code/Python37/obj/FrameScan-GUI/FrameScan-GUI.py - INFO - 177 Scanner:http://180.153.180.97:7001/ Œ¥ ⁄»®∑√Œ 
2021-09-13 13:16:02 - D:/code/Python37/obj/FrameScan-GUI/FrameScan-GUI.py - INFO - 177 Scanner:http://113.135.192.202:7001/ Œ¥ ⁄»®∑√Œ 
2021-09-13 13:16:02 - D:/code/Python37/obj/FrameScan-GUI/FrameScan-GUI.py - INFO - 177 Scanner:http://119.73.254.67:7001/ Œ¥ ⁄»®∑√Œ 
2021-09-13 13:16:02 - D:/code/Python37/obj/FrameScan-GUI/FrameScan-GUI.py - INFO - 177 Scanner:http://121.4.145.39:7001/ Œ¥ ⁄»®∑√Œ 
2021-09-13 13:16:02 - D:/code/Python37/obj/FrameScan-GUI/FrameScan-GUI.py - INFO - 177 Scanner:http://123.59.120.125:7001/ Œ¥ ⁄»®∑√Œ 
2021-09-13 13:16:03 - D:/code/Python37/obj/FrameScan-GUI/FrameScan-GUI.py - INFO - 177 Scanner:http://123.59.120.125:7001/ Œ¥ ⁄»®∑√Œ 
2021-09-13 13:16:03 - D:/code/Python37/obj/FrameScan-GUI/FrameScan-GUI.py - INFO - 177 Scanner:http://123.59.120.35:7001/ Œ¥ ⁄»®∑√Œ 
2021-09-13 13:16:03 - D:/code/Python37/obj/FrameScan-GUI/FrameScan-GUI.py - INFO - 177 Scanner:http://123.59.120.35:7001/ Œ¥ ⁄»®∑√Œ 
2021-09-13 13:16:03 - D:/code/Python37/obj/FrameScan-GUI/FrameScan-GUI.py - INFO - 177 Scanner:http://123.59.120.44:7001/ Œ¥ ⁄»®∑√Œ 
2021-09-13 13:16:03 - D:/code/Python37/obj/FrameScan-GUI/FrameScan-GUI.py - INFO - 177 Scanner:http://123.59.120.44:7001/ Œ¥ ⁄»®∑√Œ 
2021-09-13 13:16:03 - D:/code/Python37/obj/FrameScan-GUI/FrameScan-GUI.py - INFO - 177 Scanner:http://123.59.120.73:7001/ Œ¥ ⁄»®∑√Œ 
2021-09-13 13:16:04 - D:/code/Python37/obj/FrameScan-GUI/FrameScan-GUI.py - INFO - 177 Scanner:http://123.59.211.81:7001/ Œ¥ ⁄»®∑√Œ 
2021-09-13 13:16:04 - D:/code/Python37/obj/FrameScan-GUI/FrameScan-GUI.py - INFO - 177 Scanner:http://123.59.211.81:7001/ Œ¥ ⁄»®∑√Œ 
2021-09-13 13:16:04 - D:/code/Python37/obj/FrameScan-GUI/FrameScan-GUI.py - INFO - 177 Scanner:http://124.67.74.2:7001/ Œ¥ ⁄»®∑√Œ 
2021-09-13 13:16:04 - D:/code/Python37/obj/FrameScan-GUI/FrameScan-GUI.py - INFO - 177 Scanner:http://124.70.193.163:7001/ Œ¥ ⁄»®∑√Œ 
2021-09-13 13:16:04 - D:/code/Python37/obj/FrameScan-GUI/FrameScan-GUI.py - INFO - 177 Scanner:http://168.70.163.217:7001/ Œ¥ ⁄»®∑√Œ 
2021-09-13 13:16:04 - D:/code/Python37/obj/FrameScan-GUI/FrameScan-GUI.py - INFO - 177 Scanner:http://180.104.1.87:7001/ Œ¥ ⁄»®∑√Œ 
2021-09-13 13:16:05 - D:/code/Python37/obj/FrameScan-GUI/FrameScan-GUI.py - INFO - 177 Scanner:http://180.153.180.97:7001/ Œ¥ ⁄»®∑√Œ 
2021-09-13 13:16:05 - D:/code/Python37/obj/FrameScan-GUI/FrameScan-GUI.py - INFO - 177 Scanner:http://180.153.180.97:7001/ Œ¥ ⁄»®∑√Œ 
2021-09-13 13:16:05 - D:/code/Python37/obj/FrameScan-GUI/FrameScan-GUI.py - INFO - 177 Scanner:http://180.153.180.99:7001/ Œ¥ ⁄»®∑√Œ 
2021-09-13 13:16:05 - D:/code/Python37/obj/FrameScan-GUI/FrameScan-GUI.py - INFO - 177 Scanner:http://180.153.180.99:7001/ Œ¥ ⁄»®∑√Œ 
2021-09-13 13:16:05 - D:/code/Python37/obj/FrameScan-GUI/FrameScan-GUI.py - INFO - 177 Scanner:http://183.178.92.147:7001/ Œ¥ ⁄»®∑√Œ 
2021-09-13 13:16:05 - D:/code/Python37/obj/FrameScan-GUI/FrameScan-GUI.py - INFO - 177 Scanner:http://185.161.113.182:7001/ Œ¥ ⁄»®∑√Œ 
2021-09-13 13:16:05 - D:/code/Python37/obj/FrameScan-GUI/FrameScan-GUI.py - INFO - 177 Scanner:http://211.147.71.66:7001/ Œ¥ ⁄»®∑√Œ 
2021-09-13 13:16:06 - D:/code/Python37/obj/FrameScan-GUI/FrameScan-GUI.py - INFO - 177 Scanner:http://211.156.201.13:7001/ Œ¥ ⁄»®∑√Œ 
2021-09-13 13:16:06 - D:/code/Python37/obj/FrameScan-GUI/FrameScan-GUI.py - INFO - 177 Scanner:http://218.23.25.178:7001/ Œ¥ ⁄»®∑√Œ 
2021-09-13 13:16:06 - D:/code/Python37/obj/FrameScan-GUI/FrameScan-GUI.py - INFO - 177 Scanner:http://218.26.86.93:7001/ Œ¥ ⁄»®∑√Œ 
2021-09-13 13:16:07 - D:/code/Python37/obj/FrameScan-GUI/FrameScan-GUI.py - INFO - 177 Scanner:http://218.26.86.93:7001/ Œ¥ ⁄»®∑√Œ 
2021-09-13 13:16:07 - D:/code/Python37/obj/FrameScan-GUI/FrameScan-GUI.py - INFO - 177 Scanner:http://220.168.209.58:7001/ Œ¥ ⁄»®∑√Œ 
2021-09-13 13:16:07 - D:/code/Python37/obj/FrameScan-GUI/FrameScan-GUI.py - INFO - 177 Scanner:http://221.203.145.147:7001/ Œ¥ ⁄»®∑√Œ 
2021-09-13 13:16:08 - D:/code/Python37/obj/FrameScan-GUI/FrameScan-GUI.py - INFO - 177 Scanner:http://222.180.171.122:7001/ Œ¥ ⁄»®∑√Œ 
2021-09-13 13:16:08 - D:/code/Python37/obj/FrameScan-GUI/FrameScan-GUI.py - INFO - 177 Scanner:http://223.166.174.11:7001/ Œ¥ ⁄»®∑√Œ 
2021-09-13 13:16:10 - D:/code/Python37/obj/FrameScan-GUI/FrameScan-GUI.py - INFO - 177 Scanner:http://223.166.174.11:7001/ Œ¥ ⁄»®∑√Œ 
2021-09-13 13:16:11 - D:/code/Python37/obj/FrameScan-GUI/FrameScan-GUI.py - INFO - 177 Scanner:http://223.166.174.30:7001/ Œ¥ ⁄»®∑√Œ 
2021-09-13 13:16:12 - D:/code/Python37/obj/FrameScan-GUI/FrameScan-GUI.py - INFO - 177 Scanner:http://223.166.174.30:7001/ Œ¥ ⁄»®∑√Œ 
2021-09-13 13:16:12 - D:/code/Python37/obj/FrameScan-GUI/FrameScan-GUI.py - INFO - 177 Scanner:http://223.166.174.4:7001/ Œ¥ ⁄»®∑√Œ 
2021-09-13 13:16:13 - D:/code/Python37/obj/FrameScan-GUI/FrameScan-GUI.py - INFO - 177 Scanner:http://223.166.174.4:7001/ Œ¥ ⁄»®∑√Œ 
2021-09-13 13:16:13 - D:/code/Python37/obj/FrameScan-GUI/FrameScan-GUI.py - INFO - 177 Scanner:http://27.191.138.165:7001/ Œ¥ ⁄»®∑√Œ 
2021-09-13 13:16:13 - D:/code/Python37/obj/FrameScan-GUI/FrameScan-GUI.py - INFO - 177 Scanner:http://42.236.68.29:7001/ Œ¥ ⁄»®∑√Œ 
2021-09-13 13:16:13 - D:/code/Python37/obj/FrameScan-GUI/FrameScan-GUI.py - INFO - 177 Scanner:http://46.209.67.130:7001/ Œ¥ ⁄»®∑√Œ 
2021-09-13 13:16:13 - D:/code/Python37/obj/FrameScan-GUI/FrameScan-GUI.py - INFO - 177 Scanner:http://58.18.5.56:7001/ Œ¥ ⁄»®∑√Œ 
2021-09-13 13:16:13 - D:/code/Python37/obj/FrameScan-GUI/FrameScan-GUI.py - INFO - 177 Scanner:http://59.109.83.83:7001/ Œ¥ ⁄»®∑√Œ 
2021-09-13 13:16:13 - D:/code/Python37/obj/FrameScan-GUI/FrameScan-GUI.py - INFO - 177 Scanner:http://59.151.126.63:7001/ Œ¥ ⁄»®∑√Œ 
2021-09-13 13:16:13 - D:/code/Python37/obj/FrameScan-GUI/FrameScan-GUI.py - INFO - 177 Scanner:http://59.152.62.227:7001/ Œ¥ ⁄»®∑√Œ 
2021-09-13 13:16:15 - D:/code/Python37/obj/FrameScan-GUI/FrameScan-GUI.py - INFO - 177 Scanner:http://61.184.85.51:7001/ Œ¥ ⁄»®∑√Œ 
2021-09-13 13:16:15 - D:/code/Python37/obj/FrameScan-GUI/FrameScan-GUI.py - INFO - 177 Scanner:http://61.190.177.55:7001/ Œ¥ ⁄»®∑√Œ 
2021-09-13 13:16:15 - D:/code/Python37/obj/FrameScan-GUI/FrameScan-GUI.py - INFO - 177 Scanner:http://89.40.159.183:7001/ Œ¥ ⁄»®∑√Œ 
2021-09-13 13:16:16 - D:/code/Python37/obj/FrameScan-GUI/FrameScan-GUI.py - INFO - 177 Scanner:http://automation.rrk.ir:7001/ Œ¥ ⁄»®∑√Œ 
2021-09-13 13:16:18 - D:/code/Python37/obj/FrameScan-GUI/FrameScan-GUI.py - INFO - 177 Scanner:http://comext.aduana.cl:7001/ Œ¥ ⁄»®∑√Œ 
2021-09-13 13:16:20 - D:/code/Python37/obj/FrameScan-GUI/FrameScan-GUI.py - INFO - 177 Scanner:http://morojwa.ub.bw:7001/ Œ¥ ⁄»®∑√Œ 
2021-09-13 13:16:20 - D:/code/Python37/obj/FrameScan-GUI/FrameScan-GUI.py - INFO - 177 Scanner:http://oa.hnjtzy.com.cn:7001/ Œ¥ ⁄»®∑√Œ 
2021-09-13 13:28:47 - D:/code/Python37/obj/FrameScan-GUI/FrameScan-GUI.py - INFO - 177 Scanner:http://113.135.192.202:7001/ Œ¥ ⁄»®∑√Œ 
2021-09-13 13:28:47 - D:/code/Python37/obj/FrameScan-GUI/FrameScan-GUI.py - INFO - 177 Scanner:http://119.73.254.67:7001/ Œ¥ ⁄»®∑√Œ 
2021-09-13 13:28:47 - D:/code/Python37/obj/FrameScan-GUI/FrameScan-GUI.py - INFO - 177 Scanner:http://121.4.145.39:7001/ Œ¥ ⁄»®∑√Œ 
2021-09-13 13:28:47 - D:/code/Python37/obj/FrameScan-GUI/FrameScan-GUI.py - INFO - 177 Scanner:http://123.59.120.125:7001/ Œ¥ ⁄»®∑√Œ 
2021-09-13 13:28:47 - D:/code/Python37/obj/FrameScan-GUI/FrameScan-GUI.py - INFO - 177 Scanner:http://123.59.120.125:7001/ Œ¥ ⁄»®∑√Œ 
2021-09-13 13:28:47 - D:/code/Python37/obj/FrameScan-GUI/FrameScan-GUI.py - INFO - 177 Scanner:http://123.59.120.35:7001/ Œ¥ ⁄»®∑√Œ 
2021-09-13 13:28:47 - D:/code/Python37/obj/FrameScan-GUI/FrameScan-GUI.py - INFO - 177 Scanner:http://123.59.120.35:7001/ Œ¥ ⁄»®∑√Œ 
2021-09-13 13:28:48 - D:/code/Python37/obj/FrameScan-GUI/FrameScan-GUI.py - INFO - 177 Scanner:http://123.59.120.44:7001/ Œ¥ ⁄»®∑√Œ 
2021-09-13 13:28:48 - D:/code/Python37/obj/FrameScan-GUI/FrameScan-GUI.py - INFO - 177 Scanner:http://123.59.120.44:7001/ Œ¥ ⁄»®∑√Œ 
2021-09-13 13:28:48 - D:/code/Python37/obj/FrameScan-GUI/FrameScan-GUI.py - INFO - 177 Scanner:http://123.59.120.73:7001/ Œ¥ ⁄»®∑√Œ 
2021-09-13 13:28:48 - D:/code/Python37/obj/FrameScan-GUI/FrameScan-GUI.py - INFO - 177 Scanner:http://123.59.211.81:7001/ Œ¥ ⁄»®∑√Œ 
2021-09-13 13:28:48 - D:/code/Python37/obj/FrameScan-GUI/FrameScan-GUI.py - INFO - 177 Scanner:http://123.59.211.81:7001/ Œ¥ ⁄»®∑√Œ 
2021-09-13 13:28:48 - D:/code/Python37/obj/FrameScan-GUI/FrameScan-GUI.py - INFO - 177 Scanner:http://124.67.74.2:7001/ Œ¥ ⁄»®∑√Œ 
2021-09-13 13:28:48 - D:/code/Python37/obj/FrameScan-GUI/FrameScan-GUI.py - INFO - 177 Scanner:http://124.70.193.163:7001/ Œ¥ ⁄»®∑√Œ 
2021-09-13 13:28:48 - D:/code/Python37/obj/FrameScan-GUI/FrameScan-GUI.py - INFO - 177 Scanner:http://168.70.163.217:7001/ Œ¥ ⁄»®∑√Œ 
2021-09-13 13:28:48 - D:/code/Python37/obj/FrameScan-GUI/FrameScan-GUI.py - INFO - 177 Scanner:http://180.104.1.87:7001/ Œ¥ ⁄»®∑√Œ 
2021-09-13 13:28:48 - D:/code/Python37/obj/FrameScan-GUI/FrameScan-GUI.py - INFO - 177 Scanner:http://180.153.180.97:7001/ Œ¥ ⁄»®∑√Œ 
2021-09-13 13:28:49 - D:/code/Python37/obj/FrameScan-GUI/FrameScan-GUI.py - INFO - 177 Scanner:http://180.153.180.97:7001/ Œ¥ ⁄»®∑√Œ 
2021-09-13 13:28:49 - D:/code/Python37/obj/FrameScan-GUI/FrameScan-GUI.py - INFO - 177 Scanner:http://180.153.180.99:7001/ Œ¥ ⁄»®∑√Œ 
2021-09-13 13:28:49 - D:/code/Python37/obj/FrameScan-GUI/FrameScan-GUI.py - INFO - 177 Scanner:http://180.153.180.99:7001/ Œ¥ ⁄»®∑√Œ 
2021-09-13 13:28:49 - D:/code/Python37/obj/FrameScan-GUI/FrameScan-GUI.py - INFO - 177 Scanner:http://183.178.92.147:7001/ Œ¥ ⁄»®∑√Œ 
2021-09-13 13:28:49 - D:/code/Python37/obj/FrameScan-GUI/FrameScan-GUI.py - INFO - 177 Scanner:http://185.161.113.182:7001/ Œ¥ ⁄»®∑√Œ 
2021-09-13 13:28:49 - D:/code/Python37/obj/FrameScan-GUI/FrameScan-GUI.py - INFO - 177 Scanner:http://211.147.71.66:7001/ Œ¥ ⁄»®∑√Œ 
2021-09-13 13:28:50 - D:/code/Python37/obj/FrameScan-GUI/FrameScan-GUI.py - INFO - 177 Scanner:http://211.156.201.13:7001/ Œ¥ ⁄»®∑√Œ 
2021-09-13 13:28:50 - D:/code/Python37/obj/FrameScan-GUI/FrameScan-GUI.py - INFO - 177 Scanner:http://218.23.25.178:7001/ Œ¥ ⁄»®∑√Œ 
2021-09-13 13:28:50 - D:/code/Python37/obj/FrameScan-GUI/FrameScan-GUI.py - INFO - 177 Scanner:http://218.26.86.93:7001/ Œ¥ ⁄»®∑√Œ 
2021-09-13 13:28:50 - D:/code/Python37/obj/FrameScan-GUI/FrameScan-GUI.py - INFO - 177 Scanner:http://218.26.86.93:7001/ Œ¥ ⁄»®∑√Œ 
2021-09-13 13:28:51 - D:/code/Python37/obj/FrameScan-GUI/FrameScan-GUI.py - INFO - 177 Scanner:http://220.168.209.58:7001/ Œ¥ ⁄»®∑√Œ 
2021-09-13 13:28:51 - D:/code/Python37/obj/FrameScan-GUI/FrameScan-GUI.py - INFO - 177 Scanner:http://221.203.145.147:7001/ Œ¥ ⁄»®∑√Œ 
2021-09-13 13:28:51 - D:/code/Python37/obj/FrameScan-GUI/FrameScan-GUI.py - INFO - 177 Scanner:http://222.180.171.122:7001/ Œ¥ ⁄»®∑√Œ 
2021-09-13 13:28:51 - D:/code/Python37/obj/FrameScan-GUI/FrameScan-GUI.py - INFO - 177 Scanner:http://223.166.174.11:7001/ Œ¥ ⁄»®∑√Œ 
2021-09-13 13:28:51 - D:/code/Python37/obj/FrameScan-GUI/FrameScan-GUI.py - INFO - 177 Scanner:http://223.166.174.11:7001/ Œ¥ ⁄»®∑√Œ 
2021-09-13 13:28:52 - D:/code/Python37/obj/FrameScan-GUI/FrameScan-GUI.py - INFO - 177 Scanner:http://223.166.174.30:7001/ Œ¥ ⁄»®∑√Œ 
2021-09-13 13:28:52 - D:/code/Python37/obj/FrameScan-GUI/FrameScan-GUI.py - INFO - 177 Scanner:http://223.166.174.30:7001/ Œ¥ ⁄»®∑√Œ 
2021-09-13 13:28:52 - D:/code/Python37/obj/FrameScan-GUI/FrameScan-GUI.py - INFO - 177 Scanner:http://223.166.174.4:7001/ Œ¥ ⁄»®∑√Œ 
2021-09-13 13:30:45 - D:/code/Python37/obj/FrameScan-GUI/FrameScan-GUI.py - INFO - 177 Scanner:http://113.135.192.202:7001/ Œ¥ ⁄»®∑√Œ 
2021-09-13 13:30:45 - D:/code/Python37/obj/FrameScan-GUI/FrameScan-GUI.py - INFO - 177 Scanner:http://119.73.254.67:7001/ Œ¥ ⁄»®∑√Œ 
2021-09-13 13:30:45 - D:/code/Python37/obj/FrameScan-GUI/FrameScan-GUI.py - INFO - 177 Scanner:http://121.4.145.39:7001/ Œ¥ ⁄»®∑√Œ 
2021-09-13 13:30:45 - D:/code/Python37/obj/FrameScan-GUI/FrameScan-GUI.py - INFO - 177 Scanner:http://123.59.120.125:7001/ Œ¥ ⁄»®∑√Œ 
2021-09-13 13:30:45 - D:/code/Python37/obj/FrameScan-GUI/FrameScan-GUI.py - INFO - 177 Scanner:http://123.59.120.125:7001/ Œ¥ ⁄»®∑√Œ 
2021-09-13 13:30:45 - D:/code/Python37/obj/FrameScan-GUI/FrameScan-GUI.py - INFO - 177 Scanner:http://123.59.120.35:7001/ Œ¥ ⁄»®∑√Œ 
2021-09-13 13:30:46 - D:/code/Python37/obj/FrameScan-GUI/FrameScan-GUI.py - INFO - 177 Scanner:http://123.59.120.35:7001/ Œ¥ ⁄»®∑√Œ 
2021-09-13 13:30:46 - D:/code/Python37/obj/FrameScan-GUI/FrameScan-GUI.py - INFO - 177 Scanner:http://123.59.120.44:7001/ Œ¥ ⁄»®∑√Œ 
2021-09-13 13:30:46 - D:/code/Python37/obj/FrameScan-GUI/FrameScan-GUI.py - INFO - 177 Scanner:http://123.59.120.44:7001/ Œ¥ ⁄»®∑√Œ 
2021-09-13 13:30:46 - D:/code/Python37/obj/FrameScan-GUI/FrameScan-GUI.py - INFO - 177 Scanner:http://123.59.120.73:7001/ Œ¥ ⁄»®∑√Œ 
2021-09-13 13:30:46 - D:/code/Python37/obj/FrameScan-GUI/FrameScan-GUI.py - INFO - 177 Scanner:http://123.59.211.81:7001/ Œ¥ ⁄»®∑√Œ 
2021-09-13 13:30:46 - D:/code/Python37/obj/FrameScan-GUI/FrameScan-GUI.py - INFO - 177 Scanner:http://123.59.211.81:7001/ Œ¥ ⁄»®∑√Œ 
2021-09-13 13:30:46 - D:/code/Python37/obj/FrameScan-GUI/FrameScan-GUI.py - INFO - 177 Scanner:http://124.67.74.2:7001/ Œ¥ ⁄»®∑√Œ 
2021-09-13 13:30:46 - D:/code/Python37/obj/FrameScan-GUI/FrameScan-GUI.py - INFO - 177 Scanner:http://124.70.193.163:7001/ Œ¥ ⁄»®∑√Œ 
2021-09-13 13:30:46 - D:/code/Python37/obj/FrameScan-GUI/FrameScan-GUI.py - INFO - 177 Scanner:http://168.70.163.217:7001/ Œ¥ ⁄»®∑√Œ 
2021-09-13 13:30:47 - D:/code/Python37/obj/FrameScan-GUI/FrameScan-GUI.py - INFO - 177 Scanner:http://180.104.1.87:7001/ Œ¥ ⁄»®∑√Œ 
2021-09-13 13:30:47 - D:/code/Python37/obj/FrameScan-GUI/FrameScan-GUI.py - INFO - 177 Scanner:http://180.153.180.97:7001/ Œ¥ ⁄»®∑√Œ 
2021-09-13 13:30:47 - D:/code/Python37/obj/FrameScan-GUI/FrameScan-GUI.py - INFO - 177 Scanner:http://180.153.180.97:7001/ Œ¥ ⁄»®∑√Œ 
2021-09-13 13:30:48 - D:/code/Python37/obj/FrameScan-GUI/FrameScan-GUI.py - INFO - 177 Scanner:http://180.153.180.99:7001/ Œ¥ ⁄»®∑√Œ 
2021-09-13 13:30:48 - D:/code/Python37/obj/FrameScan-GUI/FrameScan-GUI.py - INFO - 177 Scanner:http://180.153.180.99:7001/ Œ¥ ⁄»®∑√Œ 
2021-09-13 13:30:48 - D:/code/Python37/obj/FrameScan-GUI/FrameScan-GUI.py - INFO - 177 Scanner:http://183.178.92.147:7001/ Œ¥ ⁄»®∑√Œ 
2021-09-13 13:30:48 - D:/code/Python37/obj/FrameScan-GUI/FrameScan-GUI.py - INFO - 177 Scanner:http://185.161.113.182:7001/ Œ¥ ⁄»®∑√Œ 
2021-09-13 13:30:48 - D:/code/Python37/obj/FrameScan-GUI/FrameScan-GUI.py - INFO - 177 Scanner:http://211.147.71.66:7001/ Œ¥ ⁄»®∑√Œ 
2021-09-17 15:19:36 - D:/code/Python37/obj/FrameScan-GUI/FrameScan-GUI.py - INFO - 1500 Timestamp: 2021-09-17 15:19:36
2021-09-17 15:19:36 - D:/code/Python37/obj/FrameScan-GUI/FrameScan-GUI.py - ERROR - 1502 ErrorMessage: Traceback (most recent call last):
  File "D:/code/Python37/obj/FrameScan-GUI/FrameScan-GUI.py", line 127, in proxy_setting
    self.Proxy_WChild.lineEdit_proxy_username.setDisabled(True)
AttributeError: 'Ui_Proxy' object has no attribute 'lineEdit_proxy_username'

2021-09-17 15:19:36 - D:/code/Python37/obj/FrameScan-GUI/FrameScan-GUI.py - ERROR - 1503 sys.excepthook: <bound method MainWindows.HandleException of <__main__.MainWindows object at 0x000001F8D4119558>>
2021-09-17 15:19:36 - D:/code/Python37/obj/FrameScan-GUI/FrameScan-GUI.py - ERROR - 1504 excType: <class 'AttributeError'>
2021-09-17 15:19:36 - D:/code/Python37/obj/FrameScan-GUI/FrameScan-GUI.py - ERROR - 1505 excValue: 'Ui_Proxy' object has no attribute 'lineEdit_proxy_username'
2021-09-17 15:19:36 - D:/code/Python37/obj/FrameScan-GUI/FrameScan-GUI.py - ERROR - 1506 tb: <traceback object at 0x000001F8D2A82548>
2021-09-17 15:19:50 - D:/code/Python37/obj/FrameScan-GUI/FrameScan-GUI.py - INFO - 1500 Timestamp: 2021-09-17 15:19:50
2021-09-17 15:19:50 - D:/code/Python37/obj/FrameScan-GUI/FrameScan-GUI.py - ERROR - 1502 ErrorMessage: Traceback (most recent call last):
  File "D:/code/Python37/obj/FrameScan-GUI/FrameScan-GUI.py", line 127, in proxy_setting
    self.Proxy_WChild.lineEdit_proxy_username.setDisabled(True)
AttributeError: 'Ui_Proxy' object has no attribute 'lineEdit_proxy_username'

2021-09-17 15:19:50 - D:/code/Python37/obj/FrameScan-GUI/FrameScan-GUI.py - ERROR - 1503 sys.excepthook: <bound method MainWindows.HandleException of <__main__.MainWindows object at 0x000001AFB96F9558>>
2021-09-17 15:19:50 - D:/code/Python37/obj/FrameScan-GUI/FrameScan-GUI.py - ERROR - 1504 excType: <class 'AttributeError'>
2021-09-17 15:19:50 - D:/code/Python37/obj/FrameScan-GUI/FrameScan-GUI.py - ERROR - 1505 excValue: 'Ui_Proxy' object has no attribute 'lineEdit_proxy_username'
2021-09-17 15:19:50 - D:/code/Python37/obj/FrameScan-GUI/FrameScan-GUI.py - ERROR - 1506 tb: <traceback object at 0x000001AFB8413B88>
2021-09-17 23:17:08 - D:/code/Python37/obj/FrameScan-GUI/FrameScan-GUI.py - INFO - 176 Scanner:https://60.31.255.173:9091/ CVE-2021-26084
2021-09-17 23:17:11 - D:/code/Python37/obj/FrameScan-GUI/FrameScan-GUI.py - INFO - 176 Scanner:https://60.31.255.173:9091/ CVE-2021-26084
2021-09-17 23:17:18 - D:/code/Python37/obj/FrameScan-GUI/FrameScan-GUI.py - INFO - 176 Scanner:https://60.31.255.173:9091/ reporter◊Èº˛RCE
2021-09-17 23:24:24 - D:/code/Python37/obj/FrameScan-GUI/FrameScan-GUI.py - INFO - 176 Scanner:https://60.31.255.173:9091/ reporter◊Èº˛RCE
2021-09-17 23:25:52 - D:/code/Python37/obj/FrameScan-GUI/FrameScan-GUI.py - INFO - 176 Scanner:https://60.31.255.173:9091/ reporter◊Èº˛RCE
2021-09-17 23:26:15 - D:/code/Python37/obj/FrameScan-GUI/FrameScan-GUI.py - INFO - 176 Scanner:https://60.31.255.173:9091/ reporter◊Èº˛RCE
2021-09-27 14:57:07 - D:/code/Python37/obj/FrameScan-GUI/FrameScan-GUI.py - INFO - 1506 Timestamp: 2021-09-27 14:57:07
2021-09-27 14:57:07 - D:/code/Python37/obj/FrameScan-GUI/FrameScan-GUI.py - ERROR - 1508 ErrorMessage: Traceback (most recent call last):
  File "D:/code/Python37/obj/FrameScan-GUI/FrameScan-GUI.py", line 1558, in <module>
    window = MainWindows()
  File "D:/code/Python37/obj/FrameScan-GUI/FrameScan-GUI.py", line 75, in __init__
    self.load_exp_plugins()
  File "D:/code/Python37/obj/FrameScan-GUI/FrameScan-GUI.py", line 624, in load_exp_plugins
    exp_dict = self.sql_search(sql_exp, 'dict')
  File "D:/code/Python37/obj/FrameScan-GUI/FrameScan-GUI.py", line 1396, in sql_search
    cursor.execute(sql)
sqlite3.OperationalError: no such table: vuln_poc

2021-09-27 14:57:07 - D:/code/Python37/obj/FrameScan-GUI/FrameScan-GUI.py - ERROR - 1509 sys.excepthook: <bound method MainWindows.HandleException of <__main__.MainWindows object at 0x00000270FF6A9B88>>
2021-09-27 14:57:07 - D:/code/Python37/obj/FrameScan-GUI/FrameScan-GUI.py - ERROR - 1510 excType: <class 'sqlite3.OperationalError'>
2021-09-27 14:57:07 - D:/code/Python37/obj/FrameScan-GUI/FrameScan-GUI.py - ERROR - 1511 excValue: no such table: vuln_poc
2021-09-27 14:57:07 - D:/code/Python37/obj/FrameScan-GUI/FrameScan-GUI.py - ERROR - 1512 tb: <traceback object at 0x00000270FFB0D308>
2021-09-27 15:01:59 - D:/code/Python37/obj/FrameScan-GUI/FrameScan-GUI.py - INFO - 1507 Timestamp: 2021-09-27 15:01:59
2021-09-27 15:01:59 - D:/code/Python37/obj/FrameScan-GUI/FrameScan-GUI.py - ERROR - 1509 ErrorMessage: Traceback (most recent call last):
  File "D:/code/Python37/obj/FrameScan-GUI/FrameScan-GUI.py", line 1559, in <module>
    window = MainWindows()
  File "D:/code/Python37/obj/FrameScan-GUI/FrameScan-GUI.py", line 74, in __init__
    self.load_vuln_plugins()
  File "D:/code/Python37/obj/FrameScan-GUI/FrameScan-GUI.py", line 597, in load_vuln_plugins
    poc_cms_sing['FofaQuery_type'] = cms['FofaQuery_type']
KeyError: 'FofaQuery_type'

2021-09-27 15:01:59 - D:/code/Python37/obj/FrameScan-GUI/FrameScan-GUI.py - ERROR - 1510 sys.excepthook: <bound method MainWindows.HandleException of <__main__.MainWindows object at 0x0000025468607B88>>
2021-09-27 15:01:59 - D:/code/Python37/obj/FrameScan-GUI/FrameScan-GUI.py - ERROR - 1511 excType: <class 'KeyError'>
2021-09-27 15:01:59 - D:/code/Python37/obj/FrameScan-GUI/FrameScan-GUI.py - ERROR - 1512 excValue: 'FofaQuery_type'
2021-09-27 15:01:59 - D:/code/Python37/obj/FrameScan-GUI/FrameScan-GUI.py - ERROR - 1513 tb: <traceback object at 0x000002546AA76F88>
2021-09-27 15:10:27 - D:/code/Python37/obj/FrameScan-GUI/FrameScan-GUI.py - INFO - 171 Scanner:http://127.0.0.1/ Confluence|CVE-2021-26084
2021-09-27 15:20:53 - D:/code/Python37/obj/FrameScan-GUI/FrameScan-GUI.py - INFO - 173 Scanner:http://127.0.0.1:445/ Confluence|CVE-2021-26084
2021-09-27 15:21:50 - D:/code/Python37/obj/FrameScan-GUI/FrameScan-GUI.py - INFO - 173 Scanner:http://127.0.0.1:445/ Confluence|CVE-2021-26084
2021-09-27 15:23:10 - D:/code/Python37/obj/FrameScan-GUI/FrameScan-GUI.py - INFO - 173 Scanner:http://127.0.0.1:445/ test|POC≤‚ ‘¬©∂¥
2021-09-27 15:23:10 - D:/code/Python37/obj/FrameScan-GUI/FrameScan-GUI.py - ERROR - 250 name 'fofa' is not defined----184––
2021-09-27 15:24:55 - D:/code/Python37/obj/FrameScan-GUI/FrameScan-GUI.py - INFO - 173 Scanner:http://127.0.0.1:445/ test|POC≤‚ ‘¬©∂¥
2021-09-27 15:24:59 - D:/code/Python37/obj/FrameScan-GUI/FrameScan-GUI.py - INFO - 173 Scanner:http://127.0.0.1:445/ test|POC≤‚ ‘¬©∂¥
2021-09-27 15:25:17 - D:/code/Python37/obj/FrameScan-GUI/FrameScan-GUI.py - INFO - 173 Scanner:http://127.0.0.1:445/ test|POC≤‚ ‘¬©∂¥
2021-09-27 15:25:19 - D:/code/Python37/obj/FrameScan-GUI/FrameScan-GUI.py - INFO - 173 Scanner:http://127.0.0.1:445/ test|POC≤‚ ‘¬©∂¥
2021-09-27 15:25:21 - D:/code/Python37/obj/FrameScan-GUI/FrameScan-GUI.py - INFO - 173 Scanner:http://127.0.0.1:445/ test|POC≤‚ ‘¬©∂¥
2021-09-27 15:25:23 - D:/code/Python37/obj/FrameScan-GUI/FrameScan-GUI.py - INFO - 173 Scanner:http://127.0.0.1:445/ test|POC≤‚ ‘¬©∂¥
2021-09-27 15:25:23 - D:/code/Python37/obj/FrameScan-GUI/FrameScan-GUI.py - INFO - 173 Scanner:http://127.0.0.1:445/ test|POC≤‚ ‘¬©∂¥
2021-09-27 15:25:23 - D:/code/Python37/obj/FrameScan-GUI/FrameScan-GUI.py - INFO - 173 Scanner:http://127.0.0.1:445/ test|POC≤‚ ‘¬©∂¥
2021-09-27 15:25:24 - D:/code/Python37/obj/FrameScan-GUI/FrameScan-GUI.py - INFO - 173 Scanner:http://127.0.0.1:445/ test|POC≤‚ ‘¬©∂¥
2021-09-27 15:25:24 - D:/code/Python37/obj/FrameScan-GUI/FrameScan-GUI.py - INFO - 173 Scanner:http://127.0.0.1:445/ test|POC≤‚ ‘¬©∂¥
2021-09-27 15:25:24 - D:/code/Python37/obj/FrameScan-GUI/FrameScan-GUI.py - INFO - 173 Scanner:http://127.0.0.1:445/ test|POC≤‚ ‘¬©∂¥
2021-09-27 15:25:25 - D:/code/Python37/obj/FrameScan-GUI/FrameScan-GUI.py - INFO - 173 Scanner:http://127.0.0.1:445/ test|POC≤‚ ‘¬©∂¥
2021-09-27 15:25:25 - D:/code/Python37/obj/FrameScan-GUI/FrameScan-GUI.py - INFO - 173 Scanner:http://127.0.0.1:445/ test|POC≤‚ ‘¬©∂¥
2021-09-27 15:25:26 - D:/code/Python37/obj/FrameScan-GUI/FrameScan-GUI.py - INFO - 173 Scanner:http://127.0.0.1:445/ test|POC≤‚ ‘¬©∂¥
2021-09-27 15:26:08 - D:/code/Python37/obj/FrameScan-GUI/FrameScan-GUI.py - INFO - 173 Scanner:http://127.0.0.1:445/ test|POC≤‚ ‘¬©∂¥
2021-09-27 15:26:30 - D:/code/Python37/obj/FrameScan-GUI/FrameScan-GUI.py - INFO - 173 Scanner:http://127.0.0.1:445/ test|POC≤‚ ‘¬©∂¥
2021-09-27 15:26:33 - D:/code/Python37/obj/FrameScan-GUI/FrameScan-GUI.py - INFO - 173 Scanner:http://127.0.0.1:445/ test|POC≤‚ ‘¬©∂¥
2021-09-27 15:26:33 - D:/code/Python37/obj/FrameScan-GUI/FrameScan-GUI.py - INFO - 173 Scanner:http://127.0.0.1:445/ test|POC≤‚ ‘¬©∂¥
2021-09-27 15:26:42 - D:/code/Python37/obj/FrameScan-GUI/FrameScan-GUI.py - INFO - 173 Scanner:http://127.0.0.1:445/ test|POC≤‚ ‘¬©∂¥
2021-09-27 15:27:21 - D:/code/Python37/obj/FrameScan-GUI/FrameScan-GUI.py - INFO - 173 Scanner:http://127.0.0.1:445/ test|POC≤‚ ‘¬©∂¥
2021-09-27 15:28:06 - D:/code/Python37/obj/FrameScan-GUI/FrameScan-GUI.py - INFO - 173 Scanner:http://127.0.0.1:445/ test|POC≤‚ ‘¬©∂¥
2021-09-27 15:28:22 - D:/code/Python37/obj/FrameScan-GUI/FrameScan-GUI.py - INFO - 173 Scanner:http://127.0.0.1:445/ test|POC≤‚ ‘¬©∂¥
2021-09-27 15:28:44 - D:/code/Python37/obj/FrameScan-GUI/FrameScan-GUI.py - INFO - 173 Scanner:http://127.0.0.1:445/ test|POC≤‚ ‘¬©∂¥
2021-09-27 15:31:52 - D:/code/Python37/obj/FrameScan-GUI/FrameScan-GUI.py - INFO - 173 Scanner:http://127.0.0.1:445/ Confluence|CVE-2021-26084
2021-09-27 15:31:58 - D:/code/Python37/obj/FrameScan-GUI/FrameScan-GUI.py - INFO - 173 Scanner:http://127.0.0.1:445/ test|POC≤‚ ‘¬©∂¥
2021-10-10 10:22:30 - D:/code/Python37/obj/FrameScan-GUI/FrameScan-GUI.py - INFO - 173 Scanner:https://178.63.57.142:8443/ Confluence|CVE-2021-26084
2021-10-10 10:22:30 - D:/code/Python37/obj/FrameScan-GUI/FrameScan-GUI.py - INFO - 173 Scanner:https://162.55.131.253/ Confluence|CVE-2021-26084
2021-10-10 10:22:30 - D:/code/Python37/obj/FrameScan-GUI/FrameScan-GUI.py - INFO - 173 Scanner:http://185.3.234.119:8090/ Confluence|CVE-2021-26084
2021-10-10 10:22:32 - D:/code/Python37/obj/FrameScan-GUI/FrameScan-GUI.py - INFO - 173 Scanner:https://37.48.92.193/ Confluence|CVE-2021-26084
2021-10-10 10:22:52 - D:/code/Python37/obj/FrameScan-GUI/FrameScan-GUI.py - INFO - 173 Scanner:https://178.63.57.142:8443/ Confluence|CVE-2021-26084
2021-10-10 10:22:52 - D:/code/Python37/obj/FrameScan-GUI/FrameScan-GUI.py - INFO - 173 Scanner:https://162.55.131.253/ Confluence|CVE-2021-26084
2021-10-10 10:22:52 - D:/code/Python37/obj/FrameScan-GUI/FrameScan-GUI.py - INFO - 173 Scanner:https://wiki.geneseo.edu/ Confluence|CVE-2021-26084
2021-10-10 10:22:54 - D:/code/Python37/obj/FrameScan-GUI/FrameScan-GUI.py - INFO - 173 Scanner:http://185.3.234.119:8090/ Confluence|CVE-2021-26084
2021-10-10 10:22:55 - D:/code/Python37/obj/FrameScan-GUI/FrameScan-GUI.py - INFO - 173 Scanner:https://wiki.hackdv.com/ Confluence|CVE-2021-26084
2021-10-10 10:22:55 - D:/code/Python37/obj/FrameScan-GUI/FrameScan-GUI.py - INFO - 173 Scanner:https://37.48.92.193/ Confluence|CVE-2021-26084
2021-10-10 10:22:57 - D:/code/Python37/obj/FrameScan-GUI/FrameScan-GUI.py - INFO - 173 Scanner:http://54.176.58.155:443/ Confluence|CVE-2021-26084
2021-10-10 10:22:58 - D:/code/Python37/obj/FrameScan-GUI/FrameScan-GUI.py - INFO - 173 Scanner:http://54.38.52.151:443/ Confluence|CVE-2021-26084
2021-10-10 10:22:59 - D:/code/Python37/obj/FrameScan-GUI/FrameScan-GUI.py - INFO - 173 Scanner:https://splashdocs.atlassian.net/ Confluence|CVE-2021-26084
2021-10-10 10:22:59 - D:/code/Python37/obj/FrameScan-GUI/FrameScan-GUI.py - INFO - 173 Scanner:http://3.218.212.77:443/ Confluence|CVE-2021-26084
2021-10-10 10:23:00 - D:/code/Python37/obj/FrameScan-GUI/FrameScan-GUI.py - INFO - 173 Scanner:http://87.233.234.198:443/ Confluence|CVE-2021-26084
2021-10-10 10:23:00 - D:/code/Python37/obj/FrameScan-GUI/FrameScan-GUI.py - INFO - 173 Scanner:http://15.206.66.143:8090/ Confluence|CVE-2021-26084
2021-10-10 10:23:01 - D:/code/Python37/obj/FrameScan-GUI/FrameScan-GUI.py - INFO - 173 Scanner:http://185.15.230.117:443/ Confluence|CVE-2021-26084
2021-10-10 10:23:01 - D:/code/Python37/obj/FrameScan-GUI/FrameScan-GUI.py - INFO - 173 Scanner:http://204.19.142.86:8090/ Confluence|CVE-2021-26084
2021-10-10 10:23:02 - D:/code/Python37/obj/FrameScan-GUI/FrameScan-GUI.py - INFO - 173 Scanner:http://109.235.63.189:8443/ Confluence|CVE-2021-26084
2021-10-22 18:28:36 - D:/code/Python37/obj/FrameScan-GUI/FrameScan-GUI.py - INFO - 1574 Timestamp: 2021-10-22 18:28:36
2021-10-22 18:28:36 - D:/code/Python37/obj/FrameScan-GUI/FrameScan-GUI.py - ERROR - 1576 ErrorMessage: Traceback (most recent call last):
  File "D:/code/Python37/obj/FrameScan-GUI/FrameScan-GUI.py", line 841, in Server_ceshi
    ua = {"Authorization": "Basic %s"%(base64.b64encode(user+":"+passwd))}
  File "E:\Python\Python37-64\lib\base64.py", line 58, in b64encode
    encoded = binascii.b2a_base64(s, newline=False)
TypeError: a bytes-like object is required, not 'str'

During handling of the above exception, another exception occurred:

Traceback (most recent call last):
  File "D:/code/Python37/obj/FrameScan-GUI/FrameScan-GUI.py", line 848, in Server_ceshi
    box.warning(self, str(e))
TypeError: warning(QWidget, str, str, buttons: Union[QMessageBox.StandardButtons, QMessageBox.StandardButton] = QMessageBox.Ok, defaultButton: QMessageBox.StandardButton = QMessageBox.NoButton): not enough arguments

2021-10-22 18:28:36 - D:/code/Python37/obj/FrameScan-GUI/FrameScan-GUI.py - ERROR - 1577 sys.excepthook: <bound method MainWindows.HandleException of <__main__.MainWindows object at 0x0000028CBBB6CE58>>
2021-10-22 18:28:36 - D:/code/Python37/obj/FrameScan-GUI/FrameScan-GUI.py - ERROR - 1578 excType: <class 'TypeError'>
2021-10-22 18:28:36 - D:/code/Python37/obj/FrameScan-GUI/FrameScan-GUI.py - ERROR - 1579 excValue: warning(QWidget, str, str, buttons: Union[QMessageBox.StandardButtons, QMessageBox.StandardButton] = QMessageBox.Ok, defaultButton: QMessageBox.StandardButton = QMessageBox.NoButton): not enough arguments
2021-10-22 18:28:36 - D:/code/Python37/obj/FrameScan-GUI/FrameScan-GUI.py - ERROR - 1580 tb: <traceback object at 0x0000028CBDFEA2C8>
2021-10-23 17:30:41 - D:/code/Python37/obj/FrameScan-GUI/FrameScan-GUI.py - INFO - 1574 Timestamp: 2021-10-23 17:30:41
2021-10-23 17:30:41 - D:/code/Python37/obj/FrameScan-GUI/FrameScan-GUI.py - ERROR - 1576 ErrorMessage: Traceback (most recent call last):
  File "D:/code/Python37/obj/FrameScan-GUI/FrameScan-GUI.py", line 841, in Server_ceshi
    ua = {"Authorization": "Basic %s"%(base64.b64encode(user+":"+passwd))}
  File "E:\Python\Python37-64\lib\base64.py", line 58, in b64encode
    encoded = binascii.b2a_base64(s, newline=False)
TypeError: a bytes-like object is required, not 'str'

During handling of the above exception, another exception occurred:

Traceback (most recent call last):
  File "D:/code/Python37/obj/FrameScan-GUI/FrameScan-GUI.py", line 848, in Server_ceshi
    box.warning(self, str(e))
TypeError: warning(QWidget, str, str, buttons: Union[QMessageBox.StandardButtons, QMessageBox.StandardButton] = QMessageBox.Ok, defaultButton: QMessageBox.StandardButton = QMessageBox.NoButton): not enough arguments

2021-10-23 17:30:41 - D:/code/Python37/obj/FrameScan-GUI/FrameScan-GUI.py - ERROR - 1577 sys.excepthook: <bound method MainWindows.HandleException of <__main__.MainWindows object at 0x000001BCFC2EBE58>>
2021-10-23 17:30:41 - D:/code/Python37/obj/FrameScan-GUI/FrameScan-GUI.py - ERROR - 1578 excType: <class 'TypeError'>
2021-10-23 17:30:41 - D:/code/Python37/obj/FrameScan-GUI/FrameScan-GUI.py - ERROR - 1579 excValue: warning(QWidget, str, str, buttons: Union[QMessageBox.StandardButtons, QMessageBox.StandardButton] = QMessageBox.Ok, defaultButton: QMessageBox.StandardButton = QMessageBox.NoButton): not enough arguments
2021-10-23 17:30:41 - D:/code/Python37/obj/FrameScan-GUI/FrameScan-GUI.py - ERROR - 1580 tb: <traceback object at 0x000001BCFE76B208>
2021-10-23 17:31:21 - D:/code/Python37/obj/FrameScan-GUI/FrameScan-GUI.py - INFO - 1574 Timestamp: 2021-10-23 17:31:21
2021-10-23 17:31:21 - D:/code/Python37/obj/FrameScan-GUI/FrameScan-GUI.py - ERROR - 1576 ErrorMessage: Traceback (most recent call last):
  File "E:\Python\Python37-64\lib\site-packages\urllib3\connection.py", line 160, in _new_conn
    (self._dns_host, self.port), self.timeout, **extra_kw)
  File "E:\Python\Python37-64\lib\site-packages\urllib3\util\connection.py", line 80, in create_connection
    raise err
  File "E:\Python\Python37-64\lib\site-packages\urllib3\util\connection.py", line 70, in create_connection
    sock.connect(sa)
ConnectionRefusedError: [WinError 10061] ”…”⁄ƒø±Íº∆À„ª˙ª˝º´æ‹æ¯£¨Œﬁ∑®¡¨Ω”°£

During handling of the above exception, another exception occurred:

Traceback (most recent call last):
  File "E:\Python\Python37-64\lib\site-packages\urllib3\connectionpool.py", line 603, in urlopen
    chunked=chunked)
  File "E:\Python\Python37-64\lib\site-packages\urllib3\connectionpool.py", line 355, in _make_request
    conn.request(method, url, **httplib_request_kw)
  File "E:\Python\Python37-64\lib\http\client.py", line 1229, in request
    self._send_request(method, url, body, headers, encode_chunked)
  File "E:\Python\Python37-64\lib\http\client.py", line 1275, in _send_request
    self.endheaders(body, encode_chunked=encode_chunked)
  File "E:\Python\Python37-64\lib\http\client.py", line 1224, in endheaders
    self._send_output(message_body, encode_chunked=encode_chunked)
  File "E:\Python\Python37-64\lib\http\client.py", line 1016, in _send_output
    self.send(msg)
  File "E:\Python\Python37-64\lib\http\client.py", line 956, in send
    self.connect()
  File "E:\Python\Python37-64\lib\site-packages\urllib3\connection.py", line 183, in connect
    conn = self._new_conn()
  File "E:\Python\Python37-64\lib\site-packages\urllib3\connection.py", line 169, in _new_conn
    self, "Failed to establish a new connection: %s" % e)
urllib3.exceptions.NewConnectionError: <urllib3.connection.HTTPConnection object at 0x0000020657545080>: Failed to establish a new connection: [WinError 10061] ”…”⁄ƒø±Íº∆À„ª˙ª˝º´æ‹æ¯£¨Œﬁ∑®¡¨Ω”°£

During handling of the above exception, another exception occurred:

Traceback (most recent call last):
  File "E:\Python\Python37-64\lib\site-packages\requests\adapters.py", line 449, in send
    timeout=timeout
  File "E:\Python\Python37-64\lib\site-packages\urllib3\connectionpool.py", line 641, in urlopen
    _stacktrace=sys.exc_info()[2])
  File "E:\Python\Python37-64\lib\site-packages\urllib3\util\retry.py", line 399, in increment
    raise MaxRetryError(_pool, url, error or ResponseError(cause))
urllib3.exceptions.MaxRetryError: HTTPConnectionPool(host='127.0.0.1', port=8088): Max retries exceeded with url: / (Caused by NewConnectionError('<urllib3.connection.HTTPConnection object at 0x0000020657545080>: Failed to establish a new connection: [WinError 10061] ”…”⁄ƒø±Íº∆À„ª˙ª˝º´æ‹æ¯£¨Œﬁ∑®¡¨Ω”°£'))

During handling of the above exception, another exception occurred:

Traceback (most recent call last):
  File "D:/code/Python37/obj/FrameScan-GUI/FrameScan-GUI.py", line 842, in Server_ceshi
    req = requests.get(server,headers=ua,timeout=5,verify=False)
  File "E:\Python\Python37-64\lib\site-packages\requests\api.py", line 75, in get
    return request('get', url, params=params, **kwargs)
  File "E:\Python\Python37-64\lib\site-packages\requests\api.py", line 60, in request
    return session.request(method=method, url=url, **kwargs)
  File "E:\Python\Python37-64\lib\site-packages\requests\sessions.py", line 533, in request
    resp = self.send(prep, **send_kwargs)
  File "E:\Python\Python37-64\lib\site-packages\requests\sessions.py", line 646, in send
    r = adapter.send(request, **kwargs)
  File "E:\Python\Python37-64\lib\site-packages\requests\adapters.py", line 516, in send
    raise ConnectionError(e, request=request)
requests.exceptions.ConnectionError: HTTPConnectionPool(host='127.0.0.1', port=8088): Max retries exceeded with url: / (Caused by NewConnectionError('<urllib3.connection.HTTPConnection object at 0x0000020657545080>: Failed to establish a new connection: [WinError 10061] ”…”⁄ƒø±Íº∆À„ª˙ª˝º´æ‹æ¯£¨Œﬁ∑®¡¨Ω”°£'))

During handling of the above exception, another exception occurred:

Traceback (most recent call last):
  File "D:/code/Python37/obj/FrameScan-GUI/FrameScan-GUI.py", line 848, in Server_ceshi
    box.warning(self, str(e))
TypeError: warning(QWidget, str, str, buttons: Union[QMessageBox.StandardButtons, QMessageBox.StandardButton] = QMessageBox.Ok, defaultButton: QMessageBox.StandardButton = QMessageBox.NoButton): not enough arguments

2021-10-23 17:31:21 - D:/code/Python37/obj/FrameScan-GUI/FrameScan-GUI.py - ERROR - 1577 sys.excepthook: <bound method MainWindows.HandleException of <__main__.MainWindows object at 0x00000206550A9E58>>
2021-10-23 17:31:21 - D:/code/Python37/obj/FrameScan-GUI/FrameScan-GUI.py - ERROR - 1578 excType: <class 'TypeError'>
2021-10-23 17:31:21 - D:/code/Python37/obj/FrameScan-GUI/FrameScan-GUI.py - ERROR - 1579 excValue: warning(QWidget, str, str, buttons: Union[QMessageBox.StandardButtons, QMessageBox.StandardButton] = QMessageBox.Ok, defaultButton: QMessageBox.StandardButton = QMessageBox.NoButton): not enough arguments
2021-10-23 17:31:21 - D:/code/Python37/obj/FrameScan-GUI/FrameScan-GUI.py - ERROR - 1580 tb: <traceback object at 0x0000020657534408>
2021-10-25 15:53:42 - D:/code/Python37/obj/FrameScan-GUI/FrameScan-GUI.py - INFO - 1578 Timestamp: 2021-10-25 15:53:42
2021-10-25 15:53:42 - D:/code/Python37/obj/FrameScan-GUI/FrameScan-GUI.py - ERROR - 1580 ErrorMessage: Traceback (most recent call last):
  File "D:/code/Python37/obj/FrameScan-GUI/FrameScan-GUI.py", line 1630, in <module>
    window = MainWindows()
  File "D:/code/Python37/obj/FrameScan-GUI/FrameScan-GUI.py", line 92, in __init__
    self.Ui.action_vuln_reload_update.triggered.connect(self.vuln_reload_update)  # ≤Âº˛Õ¯¬ÁºÏ≤È∏¸–¬
AttributeError: 'MainWindows' object has no attribute 'vuln_reload_update'

2021-10-25 15:53:42 - D:/code/Python37/obj/FrameScan-GUI/FrameScan-GUI.py - ERROR - 1581 sys.excepthook: <bound method MainWindows.HandleException of <__main__.MainWindows object at 0x0000024EC3157E58>>
2021-10-25 15:53:42 - D:/code/Python37/obj/FrameScan-GUI/FrameScan-GUI.py - ERROR - 1582 excType: <class 'AttributeError'>
2021-10-25 15:53:42 - D:/code/Python37/obj/FrameScan-GUI/FrameScan-GUI.py - ERROR - 1583 excValue: 'MainWindows' object has no attribute 'vuln_reload_update'
2021-10-25 15:53:42 - D:/code/Python37/obj/FrameScan-GUI/FrameScan-GUI.py - ERROR - 1584 tb: <traceback object at 0x0000024EC4DB4208>
2021-10-25 15:59:11 - D:/code/Python37/obj/FrameScan-GUI/FrameScan-GUI.py - INFO - 1582 Timestamp: 2021-10-25 15:59:11
2021-10-25 15:59:11 - D:/code/Python37/obj/FrameScan-GUI/FrameScan-GUI.py - ERROR - 1584 ErrorMessage: Traceback (most recent call last):
  File "D:/code/Python37/obj/FrameScan-GUI/FrameScan-GUI.py", line 1634, in <module>
    window = MainWindows()
  File "D:/code/Python37/obj/FrameScan-GUI/FrameScan-GUI.py", line 75, in __init__
    self.load_config()
  File "D:/code/Python37/obj/FrameScan-GUI/FrameScan-GUI.py", line 323, in load_config
    plugins_version = config_setup.get('Server', 'server')
NameError: name 'config_setup' is not defined

2021-10-25 15:59:11 - D:/code/Python37/obj/FrameScan-GUI/FrameScan-GUI.py - ERROR - 1585 sys.excepthook: <bound method MainWindows.HandleException of <__main__.MainWindows object at 0x0000025BF0C7AEE8>>
2021-10-25 15:59:11 - D:/code/Python37/obj/FrameScan-GUI/FrameScan-GUI.py - ERROR - 1586 excType: <class 'NameError'>
2021-10-25 15:59:11 - D:/code/Python37/obj/FrameScan-GUI/FrameScan-GUI.py - ERROR - 1587 excValue: name 'config_setup' is not defined
2021-10-25 15:59:11 - D:/code/Python37/obj/FrameScan-GUI/FrameScan-GUI.py - ERROR - 1588 tb: <traceback object at 0x0000025BF30D5AC8>
2021-10-25 16:19:42 - D:/code/Python37/obj/FrameScan-GUI/FrameScan-GUI.py - INFO - 1595 Timestamp: 2021-10-25 16:19:42
2021-10-25 16:19:42 - D:/code/Python37/obj/FrameScan-GUI/FrameScan-GUI.py - ERROR - 1597 ErrorMessage: Traceback (most recent call last):
  File "D:/code/Python37/obj/FrameScan-GUI/FrameScan-GUI.py", line 857, in Server_ceshi
    box = QtWidgets.QMessageBox(self.Server_widget)
TypeError: arguments did not match any overloaded call:
  QMessageBox(parent: QWidget = None): argument 1 has unexpected type 'Ui_Server'
  QMessageBox(QMessageBox.Icon, str, str, buttons: Union[QMessageBox.StandardButtons, QMessageBox.StandardButton] = QMessageBox.NoButton, parent: QWidget = None, flags: Union[Qt.WindowFlags, Qt.WindowType] = Qt.Dialog|Qt.MSWindowsFixedSizeDialogHint): argument 1 has unexpected type 'Ui_Server'

2021-10-25 16:19:42 - D:/code/Python37/obj/FrameScan-GUI/FrameScan-GUI.py - ERROR - 1598 sys.excepthook: <bound method MainWindows.HandleException of <__main__.MainWindows object at 0x000002A70582BEE8>>
2021-10-25 16:19:42 - D:/code/Python37/obj/FrameScan-GUI/FrameScan-GUI.py - ERROR - 1599 excType: <class 'TypeError'>
2021-10-25 16:19:42 - D:/code/Python37/obj/FrameScan-GUI/FrameScan-GUI.py - ERROR - 1600 excValue: arguments did not match any overloaded call:
  QMessageBox(parent: QWidget = None): argument 1 has unexpected type 'Ui_Server'
  QMessageBox(QMessageBox.Icon, str, str, buttons: Union[QMessageBox.StandardButtons, QMessageBox.StandardButton] = QMessageBox.NoButton, parent: QWidget = None, flags: Union[Qt.WindowFlags, Qt.WindowType] = Qt.Dialog|Qt.MSWindowsFixedSizeDialogHint): argument 1 has unexpected type 'Ui_Server'
2021-10-25 16:19:42 - D:/code/Python37/obj/FrameScan-GUI/FrameScan-GUI.py - ERROR - 1601 tb: <traceback object at 0x000002A7074AA648>
2021-10-25 16:19:43 - D:/code/Python37/obj/FrameScan-GUI/FrameScan-GUI.py - INFO - 1595 Timestamp: 2021-10-25 16:19:43
2021-10-25 16:19:43 - D:/code/Python37/obj/FrameScan-GUI/FrameScan-GUI.py - ERROR - 1597 ErrorMessage: Traceback (most recent call last):
  File "D:/code/Python37/obj/FrameScan-GUI/FrameScan-GUI.py", line 857, in Server_ceshi
    box = QtWidgets.QMessageBox(self.Server_widget)
TypeError: arguments did not match any overloaded call:
  QMessageBox(parent: QWidget = None): argument 1 has unexpected type 'Ui_Server'
  QMessageBox(QMessageBox.Icon, str, str, buttons: Union[QMessageBox.StandardButtons, QMessageBox.StandardButton] = QMessageBox.NoButton, parent: QWidget = None, flags: Union[Qt.WindowFlags, Qt.WindowType] = Qt.Dialog|Qt.MSWindowsFixedSizeDialogHint): argument 1 has unexpected type 'Ui_Server'

2021-10-25 16:19:43 - D:/code/Python37/obj/FrameScan-GUI/FrameScan-GUI.py - ERROR - 1598 sys.excepthook: <bound method MainWindows.HandleException of <__main__.MainWindows object at 0x000002A70582BEE8>>
2021-10-25 16:19:43 - D:/code/Python37/obj/FrameScan-GUI/FrameScan-GUI.py - ERROR - 1599 excType: <class 'TypeError'>
2021-10-25 16:19:43 - D:/code/Python37/obj/FrameScan-GUI/FrameScan-GUI.py - ERROR - 1600 excValue: arguments did not match any overloaded call:
  QMessageBox(parent: QWidget = None): argument 1 has unexpected type 'Ui_Server'
  QMessageBox(QMessageBox.Icon, str, str, buttons: Union[QMessageBox.StandardButtons, QMessageBox.StandardButton] = QMessageBox.NoButton, parent: QWidget = None, flags: Union[Qt.WindowFlags, Qt.WindowType] = Qt.Dialog|Qt.MSWindowsFixedSizeDialogHint): argument 1 has unexpected type 'Ui_Server'
2021-10-25 16:19:43 - D:/code/Python37/obj/FrameScan-GUI/FrameScan-GUI.py - ERROR - 1601 tb: <traceback object at 0x000002A7074CE448>
2021-10-25 18:20:51 - D:/code/Python37/obj/FrameScan-GUI/FrameScan-GUI.py - INFO - 173 Scanner:http://baidu.com/ Confluence|CVE-2021-26084
2021-10-25 18:20:55 - D:/code/Python37/obj/FrameScan-GUI/FrameScan-GUI.py - INFO - 173 Scanner:http://baidu.com/ Confluence|CVE-2021-26084
2021-10-25 18:20:55 - D:/code/Python37/obj/FrameScan-GUI/FrameScan-GUI.py - ERROR - 258 source code string cannot contain null bytes----252––
2021-10-25 18:21:31 - D:/code/Python37/obj/FrameScan-GUI/FrameScan-GUI.py - INFO - 173 Scanner:http://baidu.com/ Confluence|CVE-2021-26084
2021-10-25 18:21:34 - D:/code/Python37/obj/FrameScan-GUI/FrameScan-GUI.py - INFO - 173 Scanner:http://baidu.com/ Confluence|CVE-2021-26084
2021-10-25 18:21:34 - D:/code/Python37/obj/FrameScan-GUI/FrameScan-GUI.py - ERROR - 258 source code string cannot contain null bytes----252––
2021-10-25 18:21:41 - D:/code/Python37/obj/FrameScan-GUI/FrameScan-GUI.py - INFO - 173 Scanner:http://baidu.com/ FortiOS|SSL_VPN»Œ“‚Œƒº˛∂¡»°
2021-10-25 18:22:36 - D:/code/Python37/obj/FrameScan-GUI/FrameScan-GUI.py - INFO - 173 Scanner:http://baidu.com/ Confluence|CVE-2021-26084
2021-10-25 18:22:39 - D:/code/Python37/obj/FrameScan-GUI/FrameScan-GUI.py - INFO - 173 Scanner:http://baidu.com/ Confluence|CVE-2021-26084
2021-10-25 18:22:39 - D:/code/Python37/obj/FrameScan-GUI/FrameScan-GUI.py - ERROR - 258 source code string cannot contain null bytes----252––
2021-10-25 18:23:31 - D:/code/Python37/obj/FrameScan-GUI/FrameScan-GUI.py - INFO - 173 Scanner:http://baidu.com/ Confluence|CVE-2021-26084
2021-10-25 18:23:33 - D:/code/Python37/obj/FrameScan-GUI/FrameScan-GUI.py - INFO - 173 Scanner:http://baidu.com/ Confluence|CVE-2021-26084
2021-10-25 18:23:33 - D:/code/Python37/obj/FrameScan-GUI/FrameScan-GUI.py - ERROR - 273 name 'os' is not defined----251––
2021-10-25 18:24:06 - D:/code/Python37/obj/FrameScan-GUI/FrameScan-GUI.py - INFO - 173 Scanner:http://baidu.com/ Confluence|CVE-2021-26084
2021-10-25 18:24:08 - D:/code/Python37/obj/FrameScan-GUI/FrameScan-GUI.py - INFO - 173 Scanner:http://baidu.com/ Confluence|CVE-2021-26084
2021-10-25 18:24:08 - D:/code/Python37/obj/FrameScan-GUI/FrameScan-GUI.py - ERROR - 273 local variable 'result' referenced before assignment----270––
2021-10-25 18:25:27 - D:/code/Python37/obj/FrameScan-GUI/FrameScan-GUI.py - INFO - 173 Scanner:http://baidu.com/ Confluence|CVE-2021-26084
2021-10-25 18:25:30 - D:/code/Python37/obj/FrameScan-GUI/FrameScan-GUI.py - INFO - 173 Scanner:http://baidu.com/ Confluence|CVE-2021-26084
2021-10-25 18:26:24 - D:/code/Python37/obj/FrameScan-GUI/FrameScan-GUI.py - INFO - 173 Scanner:http://baidu.com/ Confluence|CVE-2021-26084
2021-10-25 18:26:27 - D:/code/Python37/obj/FrameScan-GUI/FrameScan-GUI.py - INFO - 173 Scanner:http://baidu.com/ Confluence|CVE-2021-26084
2021-10-25 18:39:42 - D:/code/Python37/obj/FrameScan-GUI/FrameScan-GUI.py - INFO - 173 Scanner:http://127.0.0.1/ test|POC≤‚ ‘¬©∂¥
2021-10-25 18:39:51 - D:/code/Python37/obj/FrameScan-GUI/FrameScan-GUI.py - INFO - 173 Scanner:http://127.0.0.1/ test|POC≤‚ ‘¬©∂¥
2021-10-25 18:40:00 - D:/code/Python37/obj/FrameScan-GUI/FrameScan-GUI.py - INFO - 173 Scanner:http://127.0.0.1/ test|POC≤‚ ‘¬©∂¥
2021-10-25 19:12:44 - D:/code/Python37/obj/FrameScan-GUI/FrameScan-GUI.py - INFO - 173 Scanner:http://baidu.com/ test|POC≤‚ ‘¬©∂¥
2021-10-25 19:12:44 - D:/code/Python37/obj/FrameScan-GUI/FrameScan-GUI.py - ERROR - 227 dynamic module does not define module export function (PyInit_/Plugins/Vuln_Plugins//test/Plugins_test)----218––
2021-10-25 19:12:47 - D:/code/Python37/obj/FrameScan-GUI/FrameScan-GUI.py - INFO - 173 Scanner:http://baidu.com/ test|POC≤‚ ‘¬©∂¥
2021-10-25 19:12:47 - D:/code/Python37/obj/FrameScan-GUI/FrameScan-GUI.py - ERROR - 227 dynamic module does not define module export function (PyInit_/Plugins/Vuln_Plugins//test/Plugins_test)----218––
2021-10-25 19:12:52 - D:/code/Python37/obj/FrameScan-GUI/FrameScan-GUI.py - INFO - 173 Scanner:http://baidu.com/ test|POC≤‚ ‘¬©∂¥
2021-10-25 19:12:52 - D:/code/Python37/obj/FrameScan-GUI/FrameScan-GUI.py - ERROR - 255 dynamic module does not define module export function (PyInit_/Plugins/Vuln_Plugins//test/Plugins_test)----247––
2021-10-25 19:13:31 - D:/code/Python37/obj/FrameScan-GUI/FrameScan-GUI.py - INFO - 173 Scanner:http://baidu.com/ test|POC≤‚ ‘¬©∂¥
2021-10-25 19:13:36 - D:/code/Python37/obj/FrameScan-GUI/FrameScan-GUI.py - INFO - 173 Scanner:http://baidu.com/ test|POC≤‚ ‘¬©∂¥
2021-10-25 19:13:36 - D:/code/Python37/obj/FrameScan-GUI/FrameScan-GUI.py - ERROR - 265 dynamic module does not define module export function (PyInit_/Plugins/Vuln_Plugins//test/Plugins_test)----257––
2021-10-25 19:13:43 - D:/code/Python37/obj/FrameScan-GUI/FrameScan-GUI.py - INFO - 173 Scanner:http://baidu.com/ test|POC≤‚ ‘¬©∂¥
2021-10-25 19:13:43 - D:/code/Python37/obj/FrameScan-GUI/FrameScan-GUI.py - ERROR - 265 dynamic module does not define module export function (PyInit_/Plugins/Vuln_Plugins//test/Plugins_test)----257––
2021-10-25 19:13:43 - D:/code/Python37/obj/FrameScan-GUI/FrameScan-GUI.py - INFO - 173 Scanner:http://baidu.com/ test|POC≤‚ ‘¬©∂¥
2021-10-25 19:13:43 - D:/code/Python37/obj/FrameScan-GUI/FrameScan-GUI.py - ERROR - 265 dynamic module does not define module export function (PyInit_/Plugins/Vuln_Plugins//test/Plugins_test)----257––
2021-10-25 19:13:44 - D:/code/Python37/obj/FrameScan-GUI/FrameScan-GUI.py - INFO - 173 Scanner:http://baidu.com/ test|POC≤‚ ‘¬©∂¥
2021-10-25 19:13:44 - D:/code/Python37/obj/FrameScan-GUI/FrameScan-GUI.py - ERROR - 265 dynamic module does not define module export function (PyInit_/Plugins/Vuln_Plugins//test/Plugins_test)----257––
2021-10-25 19:13:46 - D:/code/Python37/obj/FrameScan-GUI/FrameScan-GUI.py - INFO - 173 Scanner:http://baidu.com/ test|POC≤‚ ‘¬©∂¥
2021-10-25 19:13:47 - D:/code/Python37/obj/FrameScan-GUI/FrameScan-GUI.py - INFO - 173 Scanner:http://baidu.com/ test|POC≤‚ ‘¬©∂¥
2021-10-25 19:13:48 - D:/code/Python37/obj/FrameScan-GUI/FrameScan-GUI.py - INFO - 173 Scanner:http://baidu.com/ test|POC≤‚ ‘¬©∂¥
2021-10-25 19:13:48 - D:/code/Python37/obj/FrameScan-GUI/FrameScan-GUI.py - INFO - 173 Scanner:http://baidu.com/ test|POC≤‚ ‘¬©∂¥
2021-10-25 19:13:48 - D:/code/Python37/obj/FrameScan-GUI/FrameScan-GUI.py - INFO - 173 Scanner:http://baidu.com/ test|POC≤‚ ‘¬©∂¥
2021-10-25 19:14:31 - D:/code/Python37/obj/FrameScan-GUI/FrameScan-GUI.py - INFO - 173 Scanner:http://dd/ test|POC≤‚ ‘¬©∂¥
2021-10-25 19:14:36 - D:/code/Python37/obj/FrameScan-GUI/FrameScan-GUI.py - INFO - 173 Scanner:http://dd/ test|POC≤‚ ‘¬©∂¥
2021-10-25 19:18:24 - D:/code/Python37/obj/FrameScan-GUI/FrameScan-GUI.py - INFO - 173 Scanner:http://baidu.com/ test|POC≤‚ ‘¬©∂¥
2021-10-25 19:26:05 - D:/code/Python37/obj/FrameScan-GUI/FrameScan-GUI.py - INFO - 173 Scanner:http://adadad/ test|POC≤‚ ‘¬©∂¥
2021-10-25 19:26:10 - D:/code/Python37/obj/FrameScan-GUI/FrameScan-GUI.py - INFO - 173 Scanner:http://adadad/ test|POC≤‚ ‘¬©∂¥
2021-10-25 19:26:10 - D:/code/Python37/obj/FrameScan-GUI/FrameScan-GUI.py - ERROR - 275 source code string cannot contain null bytes----253––
2021-10-25 19:28:15 - D:/code/Python37/obj/FrameScan-GUI/FrameScan-GUI.py - INFO - 173 Scanner:http://adada/ test|POC≤‚ ‘¬©∂¥
2021-10-25 19:28:19 - D:/code/Python37/obj/FrameScan-GUI/FrameScan-GUI.py - INFO - 173 Scanner:http://adada/ test|POC≤‚ ‘¬©∂¥
2021-10-25 19:28:19 - D:/code/Python37/obj/FrameScan-GUI/FrameScan-GUI.py - ERROR - 275 'NoneType' object has no attribute 'loader'----265––
2021-10-25 19:30:11 - D:/code/Python37/obj/FrameScan-GUI/FrameScan-GUI.py - INFO - 173 Scanner:http://baidu.com/ test|POC≤‚ ‘¬©∂¥
2021-10-25 19:31:13 - D:/code/Python37/obj/FrameScan-GUI/FrameScan-GUI.py - INFO - 173 Scanner:http://dasds/ test|POC≤‚ ‘¬©∂¥
2021-10-25 19:31:30 - D:/code/Python37/obj/FrameScan-GUI/FrameScan-GUI.py - ERROR - 280 module './Plugins/Vuln_Plugins//test/Plugins_test' has no attribute 'do_poc'----276––
2021-10-25 19:33:58 - D:/code/Python37/obj/FrameScan-GUI/FrameScan-GUI.py - INFO - 173 Scanner:http://dadd/ test|POC≤‚ ‘¬©∂¥
2021-10-25 19:34:11 - D:/code/Python37/obj/FrameScan-GUI/FrameScan-GUI.py - ERROR - 280 module 'Plugins_test' has no attribute 'do_poc'----276––
2021-10-25 19:35:16 - D:/code/Python37/obj/FrameScan-GUI/FrameScan-GUI.py - INFO - 173 Scanner:http://dsadasdasdsad/ test|POC≤‚ ‘¬©∂¥
2021-10-25 19:35:30 - D:/code/Python37/obj/FrameScan-GUI/FrameScan-GUI.py - ERROR - 282 module 'Plugins_test' has no attribute 'vuln_info'----276––
2021-10-25 19:36:24 - D:/code/Python37/obj/FrameScan-GUI/FrameScan-GUI.py - INFO - 173 Scanner:http://dsadasdasdsad/ test|POC≤‚ ‘¬©∂¥
2021-10-25 19:38:34 - D:/code/Python37/obj/FrameScan-GUI/FrameScan-GUI.py - INFO - 173 Scanner:http://dasdsad/ test|POC≤‚ ‘¬©∂¥
2021-10-25 19:38:36 - D:/code/Python37/obj/FrameScan-GUI/FrameScan-GUI.py - ERROR - 266 module 'Plugins_test' has no attribute 'vuln_info'----260––
2021-10-25 19:39:30 - D:/code/Python37/obj/FrameScan-GUI/FrameScan-GUI.py - INFO - 173 Scanner:http://dsadasd/ test|POC≤‚ ‘¬©∂¥
2021-10-25 19:40:29 - D:/code/Python37/obj/FrameScan-GUI/FrameScan-GUI.py - INFO - 173 Scanner:http://dsadasd/ test|POC≤‚ ‘¬©∂¥
2021-10-25 19:40:31 - D:/code/Python37/obj/FrameScan-GUI/FrameScan-GUI.py - ERROR - 277 'NoneType' object has no attribute 'loader'----267––
2021-10-25 19:42:48 - D:/code/Python37/obj/FrameScan-GUI/FrameScan-GUI.py - INFO - 173 Scanner:http://dad/ test|POC≤‚ ‘¬©∂¥
2021-10-25 19:42:48 - D:/code/Python37/obj/FrameScan-GUI/FrameScan-GUI.py - ERROR - 282 local variable 'nnnnnnnnnnnn1' referenced before assignment----278––
2021-10-25 19:43:39 - D:/code/Python37/obj/FrameScan-GUI/FrameScan-GUI.py - INFO - 173 Scanner:http://dsad/ test|POC≤‚ ‘¬©∂¥
2021-10-25 19:44:59 - D:/code/Python37/obj/FrameScan-GUI/FrameScan-GUI.py - INFO - 173 Scanner:http://dsadas/ test|POC≤‚ ‘¬©∂¥
2021-10-25 19:45:04 - D:/code/Python37/obj/FrameScan-GUI/FrameScan-GUI.py - INFO - 173 Scanner:http://dsadas/ test|POC≤‚ ‘¬©∂¥
2021-10-25 19:45:04 - D:/code/Python37/obj/FrameScan-GUI/FrameScan-GUI.py - ERROR - 272 dynamic module does not define module export function (PyInit_/Plugins/Vuln_Plugins//test/Plugins_test)----264––
2021-10-25 19:46:11 - D:/code/Python37/obj/FrameScan-GUI/FrameScan-GUI.py - INFO - 173 Scanner:http://dsadasd/ test|POC≤‚ ‘¬©∂¥
2021-10-25 19:46:43 - D:/code/Python37/obj/FrameScan-GUI/FrameScan-GUI.py - INFO - 173 Scanner:http://dsadasd/ test|POC≤‚ ‘¬©∂¥
2021-10-25 19:47:19 - D:/code/Python37/obj/FrameScan-GUI/FrameScan-GUI.py - INFO - 173 Scanner:http://dsadasd/ test|POC≤‚ ‘¬©∂¥
2021-10-26 19:45:16 - D:/code/Python37/obj/FrameScan-GUI/FrameScan-GUI.py - INFO - 173 Scanner:http://baidu.com/ test|POC≤‚ ‘¬©∂¥
2021-10-26 19:45:16 - D:/code/Python37/obj/FrameScan-GUI/FrameScan-GUI.py - ERROR - 244 local variable 'nnnnnnnnnnnn1' referenced before assignment----237––
2021-10-26 19:48:12 - D:/code/Python37/obj/FrameScan-GUI/FrameScan-GUI.py - INFO - 173 Scanner:http://baidu.com/ test|POC≤‚ ‘¬©∂¥
2021-10-26 19:48:12 - D:/code/Python37/obj/FrameScan-GUI/FrameScan-GUI.py - ERROR - 287 local variable 'nnnnnnnnnnnn1' referenced before assignment----283––
2021-10-26 19:48:33 - D:/code/Python37/obj/FrameScan-GUI/FrameScan-GUI.py - INFO - 173 Scanner:http://baidu.com/ test|POC≤‚ ‘¬©∂¥
2021-10-26 19:48:33 - D:/code/Python37/obj/FrameScan-GUI/FrameScan-GUI.py - ERROR - 288 [Errno 2] No such file or directory: './Plugins/Vuln_Plugins//test/Plugins_test'----261––
2021-10-26 19:49:32 - D:/code/Python37/obj/FrameScan-GUI/FrameScan-GUI.py - INFO - 173 Scanner:http://baidu.com/ test|POC≤‚ ‘¬©∂¥
2021-10-26 19:51:46 - D:/code/Python37/obj/FrameScan-GUI/FrameScan-GUI.py - INFO - 173 Scanner:http://baidu.com/ test|POC≤‚ ‘¬©∂¥
2021-10-26 20:10:55 - D:/code/Python37/obj/FrameScan-GUI/FrameScan-GUI.py - INFO - 173 Scanner:http://baidu.com/ test|POC≤‚ ‘¬©∂¥
2021-10-26 20:11:11 - D:/code/Python37/obj/FrameScan-GUI/FrameScan-GUI.py - INFO - 173 Scanner:http://baidu.com/ test|POC≤‚ ‘¬©∂¥
2021-10-26 20:11:21 - D:/code/Python37/obj/FrameScan-GUI/FrameScan-GUI.py - INFO - 173 Scanner:http://baidu.com/ test|POC≤‚ ‘¬©∂¥
